Copyright 1986-2019 Xilinx, Inc. All Rights Reserved.
-------------------------------------------------------------------------------------------------------------------------------------------------------------------
| Tool Version     : Vivado v.2018.3.1 (win64) Build 2489853 Tue Mar 26 04:20:25 MDT 2019
| Date             : Fri Jan 21 17:29:05 2022
| Host             : BA3145WS07 running 64-bit major release  (build 9200)
| Command          : report_power -file TUT5_bd_wrapper_power_routed.rpt -pb TUT5_bd_wrapper_power_summary_routed.pb -rpx TUT5_bd_wrapper_power_routed.rpx
| Design           : TUT5_bd_wrapper
| Device           : xc7a100tcsg324-1
| Design State     : routed
| Grade            : commercial
| Process          : typical
| Characterization : Production
-------------------------------------------------------------------------------------------------------------------------------------------------------------------

Power Report

Table of Contents
-----------------
1. Summary
1.1 On-Chip Components
1.2 Power Supply Summary
1.3 Confidence Level
2. Settings
2.1 Environment
2.2 Clock Constraints
3. Detailed Reports
3.1 By Hierarchy

1. Summary
----------

+--------------------------+--------------+
| Total On-Chip Power (W)  | 1.233        |
| Design Power Budget (W)  | Unspecified* |
| Power Budget Margin (W)  | NA           |
| Dynamic (W)              | 1.123        |
| Device Static (W)        | 0.109        |
| Effective TJA (C/W)      | 4.6          |
| Max Ambient (C)          | 79.4         |
| Junction Temperature (C) | 30.6         |
| Confidence Level         | Low          |
| Setting File             | ---          |
| Simulation Activity File | ---          |
| Design Nets Matched      | NA           |
+--------------------------+--------------+
* Specify Design Power Budget using, set_operating_conditions -design_power_budget <value in Watts>


1.1 On-Chip Components
----------------------

+--------------------------+-----------+----------+-----------+-----------------+
| On-Chip                  | Power (W) | Used     | Available | Utilization (%) |
+--------------------------+-----------+----------+-----------+-----------------+
| Clocks                   |     0.057 |       29 |       --- |             --- |
| Slice Logic              |     0.021 |    28709 |       --- |             --- |
|   LUT as Logic           |     0.017 |     9932 |     63400 |           15.67 |
|   LUT as Distributed RAM |     0.002 |     1170 |     19000 |            6.16 |
|   Register               |     0.001 |    11895 |    126800 |            9.38 |
|   CARRY4                 |    <0.001 |      275 |     15850 |            1.74 |
|   LUT as Shift Register  |    <0.001 |      470 |     19000 |            2.47 |
|   F7/F8 Muxes            |    <0.001 |      142 |     63400 |            0.22 |
|   Others                 |    <0.001 |     1377 |       --- |             --- |
| Signals                  |     0.030 |    20496 |       --- |             --- |
| Block RAM                |     0.031 |       22 |       135 |           16.30 |
| MMCM                     |     0.219 |        2 |         6 |           33.33 |
| PLL                      |     0.115 |        1 |         6 |           16.67 |
| I/O                      |     0.536 |       60 |       210 |           28.57 |
| PHASER                   |     0.110 |       14 |       --- |             --- |
| XADC                     |     0.004 |        1 |       --- |             --- |
| Static Power             |     0.109 |          |           |                 |
| Total                    |     1.233 |          |           |                 |
+--------------------------+-----------+----------+-----------+-----------------+


1.2 Power Supply Summary
------------------------

+-----------+-------------+-----------+-------------+------------+
| Source    | Voltage (V) | Total (A) | Dynamic (A) | Static (A) |
+-----------+-------------+-----------+-------------+------------+
| Vccint    |       1.000 |     0.193 |       0.174 |      0.019 |
| Vccaux    |       1.800 |     0.302 |       0.283 |      0.018 |
| Vcco33    |       3.300 |     0.006 |       0.002 |      0.004 |
| Vcco25    |       2.500 |     0.000 |       0.000 |      0.000 |
| Vcco18    |       1.800 |     0.242 |       0.238 |      0.004 |
| Vcco15    |       1.500 |     0.000 |       0.000 |      0.000 |
| Vcco135   |       1.350 |     0.000 |       0.000 |      0.000 |
| Vcco12    |       1.200 |     0.000 |       0.000 |      0.000 |
| Vccaux_io |       1.800 |     0.000 |       0.000 |      0.000 |
| Vccbram   |       1.000 |     0.003 |       0.002 |      0.001 |
| MGTAVcc   |       1.000 |     0.000 |       0.000 |      0.000 |
| MGTAVtt   |       1.200 |     0.000 |       0.000 |      0.000 |
| Vccadc    |       1.800 |     0.022 |       0.002 |      0.020 |
+-----------+-------------+-----------+-------------+------------+


1.3 Confidence Level
--------------------

+-----------------------------+------------+--------------------------------------------------------+------------------------------------------------------------------------------------------------------------+
| User Input Data             | Confidence | Details                                                | Action                                                                                                     |
+-----------------------------+------------+--------------------------------------------------------+------------------------------------------------------------------------------------------------------------+
| Design implementation state | High       | Design is routed                                       |                                                                                                            |
| Clock nodes activity        | High       | User specified more than 95% of clocks                 |                                                                                                            |
| I/O nodes activity          | Low        | More than 75% of inputs are missing user specification | Provide missing input activity with simulation results or by editing the "By Resource Type -> I/Os" view   |
| Internal nodes activity     | Medium     | User specified less than 25% of internal nodes         | Provide missing internal nodes activity with simulation results or by editing the "By Resource Type" views |
| Device models               | High       | Device models are Production                           |                                                                                                            |
|                             |            |                                                        |                                                                                                            |
| Overall confidence level    | Low        |                                                        |                                                                                                            |
+-----------------------------+------------+--------------------------------------------------------+------------------------------------------------------------------------------------------------------------+


2. Settings
-----------

2.1 Environment
---------------

+-----------------------+--------------------------+
| Ambient Temp (C)      | 25.0                     |
| ThetaJA (C/W)         | 4.6                      |
| Airflow (LFM)         | 250                      |
| Heat Sink             | medium (Medium Profile)  |
| ThetaSA (C/W)         | 4.6                      |
| Board Selection       | medium (10"x10")         |
| # of Board Layers     | 12to15 (12 to 15 Layers) |
| Board Temperature (C) | 25.0                     |
+-----------------------+--------------------------+


2.2 Clock Constraints
---------------------

+-----------------------------------------------------------------------------------------------------------------------------------------------------------+--------------------------------------------------------------------------------------------------------------------------------------------------------------------------------------------------------------------------+-----------------+
| Clock                                                                                                                                                     | Domain                                                                                                                                                                                                                   | Constraint (ns) |
+-----------------------------------------------------------------------------------------------------------------------------------------------------------+--------------------------------------------------------------------------------------------------------------------------------------------------------------------------------------------------------------------------+-----------------+
| TUT5_bd_i/axi_ethernetlite_0/U0/phy_rx_clk                                                                                                                | TUT5_bd_i/axi_ethernetlite_0/U0/C                                                                                                                                                                                        |            40.0 |
| TUT5_bd_i/axi_ethernetlite_0/U0/phy_tx_clk                                                                                                                | TUT5_bd_i/axi_ethernetlite_0/U0/phy_tx_clk_core                                                                                                                                                                          |            40.0 |
| TUT5_bd_i/mdm_1/U0/Use_E2.BSCAN_I/Use_E2.BSCANE2_I/DRCK                                                                                                   | TUT5_bd_i/mdm_1/U0/Use_E2.BSCAN_I/DRCK                                                                                                                                                                                   |            33.3 |
| TUT5_bd_i/mdm_1/U0/Use_E2.BSCAN_I/Use_E2.BSCANE2_I/UPDATE                                                                                                 | TUT5_bd_i/mdm_1/U0/Use_E2.BSCAN_I/Dbg_Update_0                                                                                                                                                                           |            33.3 |
| clk_out1_TUT5_bd_clk_wiz_1_0                                                                                                                              | TUT5_bd_i/clk_wiz_1/inst/clk_out1_TUT5_bd_clk_wiz_1_0                                                                                                                                                                    |            10.0 |
| clk_out2_TUT5_bd_clk_wiz_1_0                                                                                                                              | TUT5_bd_i/clk_wiz_1/inst/clk_out2_TUT5_bd_clk_wiz_1_0                                                                                                                                                                    |             5.0 |
| clk_out3_TUT5_bd_clk_wiz_1_0                                                                                                                              | TUT5_bd_i/clk_wiz_1/inst/clk_out3_TUT5_bd_clk_wiz_1_0                                                                                                                                                                    |            20.0 |
| clk_pll_i                                                                                                                                                 | TUT5_bd_i/mig_7series_0/u_TUT5_bd_mig_7series_0_1_mig/u_ddr2_infrastructure/clk_pll_i                                                                                                                                    |            12.3 |
| clkfbout_TUT5_bd_clk_wiz_1_0                                                                                                                              | TUT5_bd_i/clk_wiz_1/inst/clkfbout_TUT5_bd_clk_wiz_1_0                                                                                                                                                                    |            10.0 |
| freq_refclk                                                                                                                                               | TUT5_bd_i/mig_7series_0/u_TUT5_bd_mig_7series_0_1_mig/u_ddr2_infrastructure/freq_refclk                                                                                                                                  |             1.5 |
| iserdes_clkdiv                                                                                                                                            | TUT5_bd_i/mig_7series_0/u_TUT5_bd_mig_7series_0_1_mig/u_memc_ui_top_axi/mem_intfc0/ddr_phy_top0/u_ddr_mc_phy_wrapper/u_ddr_mc_phy/ddr_phy_4lanes_0.u_ddr_phy_4lanes/ddr_byte_lane_A.ddr_byte_lane_A/iserdes_clkdiv       |            12.3 |
| iserdes_clkdiv_1                                                                                                                                          | TUT5_bd_i/mig_7series_0/u_TUT5_bd_mig_7series_0_1_mig/u_memc_ui_top_axi/mem_intfc0/ddr_phy_top0/u_ddr_mc_phy_wrapper/u_ddr_mc_phy/ddr_phy_4lanes_0.u_ddr_phy_4lanes/ddr_byte_lane_C.ddr_byte_lane_C/iserdes_clkdiv       |            12.3 |
| mem_refclk                                                                                                                                                | TUT5_bd_i/mig_7series_0/u_TUT5_bd_mig_7series_0_1_mig/u_ddr2_infrastructure/mem_refclk                                                                                                                                   |             3.1 |
| oserdes_clk                                                                                                                                               | TUT5_bd_i/mig_7series_0/u_TUT5_bd_mig_7series_0_1_mig/u_memc_ui_top_axi/mem_intfc0/ddr_phy_top0/u_ddr_mc_phy_wrapper/u_ddr_mc_phy/ddr_phy_4lanes_0.u_ddr_phy_4lanes/ddr_byte_lane_A.ddr_byte_lane_A/oserdes_clk          |             3.1 |
| oserdes_clk_1                                                                                                                                             | TUT5_bd_i/mig_7series_0/u_TUT5_bd_mig_7series_0_1_mig/u_memc_ui_top_axi/mem_intfc0/ddr_phy_top0/u_ddr_mc_phy_wrapper/u_ddr_mc_phy/ddr_phy_4lanes_0.u_ddr_phy_4lanes/ddr_byte_lane_B.ddr_byte_lane_B/oserdes_clk          |             3.1 |
| oserdes_clk_2                                                                                                                                             | TUT5_bd_i/mig_7series_0/u_TUT5_bd_mig_7series_0_1_mig/u_memc_ui_top_axi/mem_intfc0/ddr_phy_top0/u_ddr_mc_phy_wrapper/u_ddr_mc_phy/ddr_phy_4lanes_0.u_ddr_phy_4lanes/ddr_byte_lane_C.ddr_byte_lane_C/oserdes_clk          |             3.1 |
| oserdes_clk_3                                                                                                                                             | TUT5_bd_i/mig_7series_0/u_TUT5_bd_mig_7series_0_1_mig/u_memc_ui_top_axi/mem_intfc0/ddr_phy_top0/u_ddr_mc_phy_wrapper/u_ddr_mc_phy/ddr_phy_4lanes_0.u_ddr_phy_4lanes/ddr_byte_lane_D.ddr_byte_lane_D/oserdes_clk          |             3.1 |
| oserdes_clkdiv                                                                                                                                            | TUT5_bd_i/mig_7series_0/u_TUT5_bd_mig_7series_0_1_mig/u_memc_ui_top_axi/mem_intfc0/ddr_phy_top0/u_ddr_mc_phy_wrapper/u_ddr_mc_phy/ddr_phy_4lanes_0.u_ddr_phy_4lanes/ddr_byte_lane_A.ddr_byte_lane_A/oserdes_clkdiv       |             6.2 |
| oserdes_clkdiv_1                                                                                                                                          | TUT5_bd_i/mig_7series_0/u_TUT5_bd_mig_7series_0_1_mig/u_memc_ui_top_axi/mem_intfc0/ddr_phy_top0/u_ddr_mc_phy_wrapper/u_ddr_mc_phy/ddr_phy_4lanes_0.u_ddr_phy_4lanes/ddr_byte_lane_B.ddr_byte_lane_B/oserdes_clkdiv       |            12.3 |
| oserdes_clkdiv_2                                                                                                                                          | TUT5_bd_i/mig_7series_0/u_TUT5_bd_mig_7series_0_1_mig/u_memc_ui_top_axi/mem_intfc0/ddr_phy_top0/u_ddr_mc_phy_wrapper/u_ddr_mc_phy/ddr_phy_4lanes_0.u_ddr_phy_4lanes/ddr_byte_lane_C.ddr_byte_lane_C/oserdes_clkdiv       |             6.2 |
| oserdes_clkdiv_3                                                                                                                                          | TUT5_bd_i/mig_7series_0/u_TUT5_bd_mig_7series_0_1_mig/u_memc_ui_top_axi/mem_intfc0/ddr_phy_top0/u_ddr_mc_phy_wrapper/u_ddr_mc_phy/ddr_phy_4lanes_0.u_ddr_phy_4lanes/ddr_byte_lane_D.ddr_byte_lane_D/oserdes_clkdiv       |            12.3 |
| pll_clk3_out                                                                                                                                              | TUT5_bd_i/mig_7series_0/u_TUT5_bd_mig_7series_0_1_mig/u_ddr2_infrastructure/pll_clk3_out                                                                                                                                 |            12.3 |
| pll_clkfbout                                                                                                                                              | TUT5_bd_i/mig_7series_0/u_TUT5_bd_mig_7series_0_1_mig/u_ddr2_infrastructure/pll_clkfbout                                                                                                                                 |            10.0 |
| sync_pulse                                                                                                                                                | TUT5_bd_i/mig_7series_0/u_TUT5_bd_mig_7series_0_1_mig/u_ddr2_infrastructure/sync_pulse                                                                                                                                   |            49.2 |
| sys_clock                                                                                                                                                 | sys_clock                                                                                                                                                                                                                |            10.0 |
| u_memc_ui_top_axi/mem_intfc0/ddr_phy_top0/u_ddr_mc_phy_wrapper/u_ddr_mc_phy/ddr_phy_4lanes_0.u_ddr_phy_4lanes/ddr_byte_lane_A.ddr_byte_lane_A/iserdes_clk | TUT5_bd_i/mig_7series_0/u_TUT5_bd_mig_7series_0_1_mig/u_memc_ui_top_axi/mem_intfc0/ddr_phy_top0/u_ddr_mc_phy_wrapper/u_ddr_mc_phy/ddr_phy_4lanes_0.u_ddr_phy_4lanes/ddr_byte_lane_A.ddr_byte_lane_A/A_rst_primitives_reg |             3.1 |
| u_memc_ui_top_axi/mem_intfc0/ddr_phy_top0/u_ddr_mc_phy_wrapper/u_ddr_mc_phy/ddr_phy_4lanes_0.u_ddr_phy_4lanes/ddr_byte_lane_C.ddr_byte_lane_C/iserdes_clk | TUT5_bd_i/mig_7series_0/u_TUT5_bd_mig_7series_0_1_mig/u_memc_ui_top_axi/mem_intfc0/ddr_phy_top0/u_ddr_mc_phy_wrapper/u_ddr_mc_phy/ddr_phy_4lanes_0.u_ddr_phy_4lanes/ddr_byte_lane_C.ddr_byte_lane_C/A_rst_primitives_reg |             3.1 |
+-----------------------------------------------------------------------------------------------------------------------------------------------------------+--------------------------------------------------------------------------------------------------------------------------------------------------------------------------------------------------------------------------+-----------------+


3. Detailed Reports
-------------------

3.1 By Hierarchy
----------------

+-------------------------------------+-----------+
| Name                                | Power (W) |
+-------------------------------------+-----------+
| TUT5_bd_wrapper                     |     1.123 |
|   TUT5_bd_i                         |     1.117 |
|     axi_ethernetlite_0              |     0.007 |
|       U0                            |     0.007 |
|     axi_smc                         |     0.037 |
|       inst                          |     0.037 |
|     axi_timer_0                     |     0.003 |
|       U0                            |     0.003 |
|     clk_wiz_1                       |     0.107 |
|       inst                          |     0.107 |
|     microblaze_0                    |     0.047 |
|       U0                            |     0.047 |
|     microblaze_0_axi_intc           |     0.001 |
|       U0                            |     0.001 |
|     microblaze_0_local_memory       |     0.002 |
|       lmb_bram                      |     0.002 |
|     mig_7series_0                   |     0.909 |
|       u_TUT5_bd_mig_7series_0_1_mig |     0.907 |
|     mii_to_rmii_0                   |     0.001 |
|       U0                            |     0.001 |
+-------------------------------------+-----------+


