13:41:59 INFO  : Registering command handlers for SDK TCF services
13:42:00 INFO  : Launching XSCT server: xsct.bat -interactive C:\warmup_group\warmup_group.sdk\temp_xsdb_launch_script.tcl
13:42:02 INFO  : XSCT server has started successfully.
13:42:04 INFO  : Successfully done setting XSCT server connection channel  
13:42:04 INFO  : Successfully done setting SDK workspace  
13:42:04 INFO  : Processing command line option -hwspec C:/warmup_group/warmup_group.sdk/wp_bd_wrapper.hdf.
14:05:26 INFO  : Refreshed build settings on project warmup_SDK
14:06:14 INFO  : Connected to target on host '127.0.0.1' and port '3121'.
14:06:16 INFO  : 'targets -set -filter {jtag_cable_name =~ "Digilent Nexys4DDR 210292646034A" && level==0} -index 0' command is executed.
14:06:18 INFO  : FPGA configured successfully with bitstream "C:/warmup_group/warmup_group.sdk/wp_bd_wrapper_hw_platform_0/download.bit"
14:11:04 INFO  : 'targets -set -filter {jtag_cable_name =~ "Digilent Nexys4DDR 210292646034A" && level==0} -index 0' command is executed.
14:11:04 INFO  : 'fpga -state' command is executed.
14:11:04 INFO  : Connected to target on host '127.0.0.1' and port '3121'.
14:11:05 INFO  : Jtag cable 'Digilent Nexys4DDR 210292646034A' is selected.
14:11:05 INFO  : 'jtag frequency' command is executed.
14:11:05 INFO  : 'configparams mdm-detect-bscan-mask 2' command is executed.
14:11:05 INFO  : Context for processor 'microblaze_0' is selected.
14:11:05 INFO  : Processor reset is completed for 'microblaze_0'.
14:11:05 INFO  : Context for processor 'microblaze_0' is selected.
14:11:05 INFO  : The application 'C:/warmup_group/warmup_group.sdk/warmup_SDK/Debug/warmup_SDK.elf' is downloaded to processor 'microblaze_0'.
14:11:05 INFO  : ----------------XSDB Script----------------
connect -url tcp:127.0.0.1:3121
configparams mdm-detect-bscan-mask 2
targets -set -nocase -filter {name =~ "microblaze*#0" && bscan=="USER2"  && jtag_cable_name =~ "Digilent Nexys4DDR 210292646034A"} -index 0
rst -processor
targets -set -nocase -filter {name =~ "microblaze*#0" && bscan=="USER2"  && jtag_cable_name =~ "Digilent Nexys4DDR 210292646034A"} -index 0
dow C:/warmup_group/warmup_group.sdk/warmup_SDK/Debug/warmup_SDK.elf
----------------End of Script----------------

14:11:05 INFO  : Context for processor 'microblaze_0' is selected.
14:11:05 INFO  : 'con' command is executed.
14:11:05 INFO  : ----------------XSDB Script (After Launch)----------------
targets -set -nocase -filter {name =~ "microblaze*#0" && bscan=="USER2"  && jtag_cable_name =~ "Digilent Nexys4DDR 210292646034A"} -index 0
con
----------------End of Script----------------

14:11:05 INFO  : Disconnected from the channel tcfchan#1.
15:13:14 INFO  : Refreshed build settings on project echo_server
15:13:40 INFO  : Connected to target on host '127.0.0.1' and port '3121'.
15:13:40 INFO  : 'targets -set -filter {jtag_cable_name =~ "Digilent Nexys4DDR 210292646034A" && level==0} -index 0' command is executed.
15:13:42 INFO  : FPGA configured successfully with bitstream "C:/warmup_group/warmup_group.sdk/wp_bd_wrapper_hw_platform_0/download.bit"
15:14:29 INFO  : 'targets -set -filter {jtag_cable_name =~ "Digilent Nexys4DDR 210292646034A" && level==0} -index 0' command is executed.
15:14:29 INFO  : 'fpga -state' command is executed.
15:14:29 INFO  : Connected to target on host '127.0.0.1' and port '3121'.
15:14:29 INFO  : Jtag cable 'Digilent Nexys4DDR 210292646034A' is selected.
15:14:29 INFO  : 'jtag frequency' command is executed.
15:14:29 INFO  : 'configparams mdm-detect-bscan-mask 2' command is executed.
15:14:29 INFO  : Context for processor 'microblaze_0' is selected.
15:14:29 INFO  : Processor reset is completed for 'microblaze_0'.
15:14:29 INFO  : Context for processor 'microblaze_0' is selected.
15:14:30 INFO  : The application 'C:/warmup_group/warmup_group.sdk/echo_server/Debug/echo_server.elf' is downloaded to processor 'microblaze_0'.
15:14:30 INFO  : ----------------XSDB Script----------------
connect -url tcp:127.0.0.1:3121
configparams mdm-detect-bscan-mask 2
targets -set -nocase -filter {name =~ "microblaze*#0" && bscan=="USER2"  && jtag_cable_name =~ "Digilent Nexys4DDR 210292646034A"} -index 0
rst -processor
targets -set -nocase -filter {name =~ "microblaze*#0" && bscan=="USER2"  && jtag_cable_name =~ "Digilent Nexys4DDR 210292646034A"} -index 0
dow C:/warmup_group/warmup_group.sdk/echo_server/Debug/echo_server.elf
----------------End of Script----------------

15:14:30 INFO  : Context for processor 'microblaze_0' is selected.
15:14:30 INFO  : 'con' command is executed.
15:14:30 INFO  : ----------------XSDB Script (After Launch)----------------
targets -set -nocase -filter {name =~ "microblaze*#0" && bscan=="USER2"  && jtag_cable_name =~ "Digilent Nexys4DDR 210292646034A"} -index 0
con
----------------End of Script----------------

15:14:30 INFO  : Disconnected from the channel tcfchan#2.
15:42:10 INFO  : 'targets -set -filter {jtag_cable_name =~ "Digilent Nexys4DDR 210292646034A" && level==0} -index 0' command is executed.
15:42:10 INFO  : 'fpga -state' command is executed.
15:42:10 INFO  : Connected to target on host '127.0.0.1' and port '3121'.
15:42:10 INFO  : Jtag cable 'Digilent Nexys4DDR 210292646034A' is selected.
15:42:10 INFO  : 'jtag frequency' command is executed.
15:42:10 INFO  : 'configparams mdm-detect-bscan-mask 2' command is executed.
15:42:10 INFO  : Context for processor 'microblaze_0' is selected.
15:42:10 INFO  : Processor reset is completed for 'microblaze_0'.
15:42:10 INFO  : Context for processor 'microblaze_0' is selected.
15:42:11 INFO  : The application 'C:/warmup_group/warmup_group.sdk/echo_server/Debug/echo_server.elf' is downloaded to processor 'microblaze_0'.
15:42:11 INFO  : ----------------XSDB Script----------------
connect -url tcp:127.0.0.1:3121
configparams mdm-detect-bscan-mask 2
targets -set -nocase -filter {name =~ "microblaze*#0" && bscan=="USER2"  && jtag_cable_name =~ "Digilent Nexys4DDR 210292646034A"} -index 0
rst -processor
targets -set -nocase -filter {name =~ "microblaze*#0" && bscan=="USER2"  && jtag_cable_name =~ "Digilent Nexys4DDR 210292646034A"} -index 0
dow C:/warmup_group/warmup_group.sdk/echo_server/Debug/echo_server.elf
----------------End of Script----------------

15:42:11 INFO  : Context for processor 'microblaze_0' is selected.
15:42:11 INFO  : 'con' command is executed.
15:42:11 INFO  : ----------------XSDB Script (After Launch)----------------
targets -set -nocase -filter {name =~ "microblaze*#0" && bscan=="USER2"  && jtag_cable_name =~ "Digilent Nexys4DDR 210292646034A"} -index 0
con
----------------End of Script----------------

15:42:11 INFO  : Disconnected from the channel tcfchan#3.
16:07:08 INFO  : Registering command handlers for SDK TCF services
16:07:08 INFO  : Launching XSCT server: xsct.bat -interactive C:\warmup_group\warmup_group.sdk\temp_xsdb_launch_script.tcl
16:07:10 INFO  : XSCT server has started successfully.
16:07:11 INFO  : Successfully done setting XSCT server connection channel  
16:07:11 INFO  : Successfully done setting SDK workspace  
16:07:11 INFO  : Processing command line option -hwspec C:/warmup_group/warmup_group.sdk/wp_bd_wrapper.hdf.
16:07:11 INFO  : Checking for hwspec changes in the project wp_bd_wrapper_hw_platform_0.
16:22:16 INFO  : 'targets -set -filter {jtag_cable_name =~ "Digilent Nexys4DDR 210292646034A" && level==0} -index 0' command is executed.
16:22:16 INFO  : 'fpga -state' command is executed.
16:22:16 INFO  : Connected to target on host '127.0.0.1' and port '3121'.
16:22:16 INFO  : Jtag cable 'Digilent Nexys4DDR 210292646034A' is selected.
16:22:16 INFO  : 'jtag frequency' command is executed.
16:22:16 INFO  : 'configparams mdm-detect-bscan-mask 2' command is executed.
16:22:16 INFO  : Context for processor 'microblaze_0' is selected.
16:22:16 INFO  : Processor reset is completed for 'microblaze_0'.
16:22:16 INFO  : Context for processor 'microblaze_0' is selected.
16:22:17 INFO  : The application 'C:/warmup_group/warmup_group.sdk/echo_server/Debug/echo_server.elf' is downloaded to processor 'microblaze_0'.
16:22:17 INFO  : ----------------XSDB Script----------------
connect -url tcp:127.0.0.1:3121
configparams mdm-detect-bscan-mask 2
targets -set -nocase -filter {name =~ "microblaze*#0" && bscan=="USER2"  && jtag_cable_name =~ "Digilent Nexys4DDR 210292646034A"} -index 0
rst -processor
targets -set -nocase -filter {name =~ "microblaze*#0" && bscan=="USER2"  && jtag_cable_name =~ "Digilent Nexys4DDR 210292646034A"} -index 0
dow C:/warmup_group/warmup_group.sdk/echo_server/Debug/echo_server.elf
----------------End of Script----------------

16:22:18 INFO  : Context for processor 'microblaze_0' is selected.
16:22:18 INFO  : 'con' command is executed.
16:22:18 INFO  : ----------------XSDB Script (After Launch)----------------
targets -set -nocase -filter {name =~ "microblaze*#0" && bscan=="USER2"  && jtag_cable_name =~ "Digilent Nexys4DDR 210292646034A"} -index 0
con
----------------End of Script----------------

16:22:18 INFO  : Disconnected from the channel tcfchan#1.
16:23:08 INFO  : Connected to target on host '127.0.0.1' and port '3121'.
16:23:09 INFO  : Jtag cable 'Digilent Nexys4DDR 210292646034A' is selected.
16:23:09 INFO  : 'jtag frequency' command is executed.
16:23:09 INFO  : 'targets -set -filter {jtag_cable_name =~ "Digilent Nexys4DDR 210292646034A" && level==0} -index 0' command is executed.
16:23:11 INFO  : FPGA configured successfully with bitstream "C:/warmup_group/warmup_group.sdk/wp_bd_wrapper_hw_platform_0/download.bit"
16:23:11 INFO  : 'configparams mdm-detect-bscan-mask 2' command is executed.
16:23:11 INFO  : Context for processor 'microblaze_0' is selected.
16:23:11 INFO  : Processor reset is completed for 'microblaze_0'.
16:23:11 INFO  : Context for processor 'microblaze_0' is selected.
16:23:12 INFO  : The application 'C:/warmup_group/warmup_group.sdk/echo_server/Debug/echo_server.elf' is downloaded to processor 'microblaze_0'.
16:23:12 INFO  : ----------------XSDB Script----------------
connect -url tcp:127.0.0.1:3121
targets -set -filter {jtag_cable_name =~ "Digilent Nexys4DDR 210292646034A" && level==0} -index 0
fpga -file C:/warmup_group/warmup_group.sdk/wp_bd_wrapper_hw_platform_0/download.bit
configparams mdm-detect-bscan-mask 2
targets -set -nocase -filter {name =~ "microblaze*#0" && bscan=="USER2"  && jtag_cable_name =~ "Digilent Nexys4DDR 210292646034A"} -index 0
rst -processor
targets -set -nocase -filter {name =~ "microblaze*#0" && bscan=="USER2"  && jtag_cable_name =~ "Digilent Nexys4DDR 210292646034A"} -index 0
dow C:/warmup_group/warmup_group.sdk/echo_server/Debug/echo_server.elf
----------------End of Script----------------

16:23:12 INFO  : Context for processor 'microblaze_0' is selected.
16:23:12 INFO  : 'con' command is executed.
16:23:12 INFO  : ----------------XSDB Script (After Launch)----------------
targets -set -nocase -filter {name =~ "microblaze*#0" && bscan=="USER2"  && jtag_cable_name =~ "Digilent Nexys4DDR 210292646034A"} -index 0
con
----------------End of Script----------------

16:23:12 INFO  : Disconnected from the channel tcfchan#2.
18:06:04 INFO  : Registering command handlers for SDK TCF services
18:06:05 INFO  : Launching XSCT server: xsct.bat -interactive C:\warmup_group\warmup_group.sdk\temp_xsdb_launch_script.tcl
18:06:07 INFO  : XSCT server has started successfully.
18:06:09 INFO  : Successfully done setting XSCT server connection channel  
18:06:09 INFO  : Successfully done setting SDK workspace  
18:06:09 INFO  : Processing command line option -hwspec C:/warmup_group/warmup_group.sdk/wp_bd_wrapper.hdf.
18:06:09 INFO  : Checking for hwspec changes in the project wp_bd_wrapper_hw_platform_0.
18:08:24 INFO  : Connected to target on host '127.0.0.1' and port '3121'.
18:08:24 INFO  : Jtag cable 'Digilent Nexys4DDR 210292646203A' is selected.
18:08:24 INFO  : 'jtag frequency' command is executed.
18:08:24 INFO  : 'targets -set -filter {jtag_cable_name =~ "Digilent Nexys4DDR 210292646203A" && level==0} -index 0' command is executed.
18:08:27 INFO  : FPGA configured successfully with bitstream "C:/warmup_group/warmup_group.sdk/wp_bd_wrapper_hw_platform_0/download.bit"
18:08:27 INFO  : 'configparams mdm-detect-bscan-mask 2' command is executed.
18:08:27 INFO  : Context for processor 'microblaze_0' is selected.
18:08:27 INFO  : Processor reset is completed for 'microblaze_0'.
18:08:27 INFO  : Context for processor 'microblaze_0' is selected.
18:08:27 INFO  : The application 'C:/warmup_group/warmup_group.sdk/echo_server/Debug/echo_server.elf' is downloaded to processor 'microblaze_0'.
18:08:27 INFO  : ----------------XSDB Script----------------
connect -url tcp:127.0.0.1:3121
targets -set -filter {jtag_cable_name =~ "Digilent Nexys4DDR 210292646203A" && level==0} -index 0
fpga -file C:/warmup_group/warmup_group.sdk/wp_bd_wrapper_hw_platform_0/download.bit
configparams mdm-detect-bscan-mask 2
targets -set -nocase -filter {name =~ "microblaze*#0" && bscan=="USER2"  && jtag_cable_name =~ "Digilent Nexys4DDR 210292646203A"} -index 0
rst -processor
targets -set -nocase -filter {name =~ "microblaze*#0" && bscan=="USER2"  && jtag_cable_name =~ "Digilent Nexys4DDR 210292646203A"} -index 0
dow C:/warmup_group/warmup_group.sdk/echo_server/Debug/echo_server.elf
----------------End of Script----------------

18:08:27 INFO  : Context for processor 'microblaze_0' is selected.
18:08:27 INFO  : 'con' command is executed.
18:08:27 INFO  : ----------------XSDB Script (After Launch)----------------
targets -set -nocase -filter {name =~ "microblaze*#0" && bscan=="USER2"  && jtag_cable_name =~ "Digilent Nexys4DDR 210292646203A"} -index 0
con
----------------End of Script----------------

18:08:27 INFO  : Disconnected from the channel tcfchan#1.
18:38:04 INFO  : Connected to target on host '127.0.0.1' and port '3121'.
18:38:04 INFO  : Jtag cable 'Digilent Nexys4DDR 210292646203A' is selected.
18:38:04 INFO  : 'jtag frequency' command is executed.
18:38:04 INFO  : 'targets -set -filter {jtag_cable_name =~ "Digilent Nexys4DDR 210292646203A" && level==0} -index 0' command is executed.
18:38:07 INFO  : FPGA configured successfully with bitstream "C:/warmup_group/warmup_group.sdk/wp_bd_wrapper_hw_platform_0/download.bit"
18:38:07 INFO  : 'configparams mdm-detect-bscan-mask 2' command is executed.
18:38:07 INFO  : Context for processor 'microblaze_0' is selected.
18:38:07 INFO  : Processor reset is completed for 'microblaze_0'.
18:38:07 INFO  : Context for processor 'microblaze_0' is selected.
18:38:07 INFO  : The application 'C:/warmup_group/warmup_group.sdk/echo_server/Debug/echo_server.elf' is downloaded to processor 'microblaze_0'.
18:38:07 INFO  : ----------------XSDB Script----------------
connect -url tcp:127.0.0.1:3121
targets -set -filter {jtag_cable_name =~ "Digilent Nexys4DDR 210292646203A" && level==0} -index 0
fpga -file C:/warmup_group/warmup_group.sdk/wp_bd_wrapper_hw_platform_0/download.bit
configparams mdm-detect-bscan-mask 2
targets -set -nocase -filter {name =~ "microblaze*#0" && bscan=="USER2"  && jtag_cable_name =~ "Digilent Nexys4DDR 210292646203A"} -index 0
rst -processor
targets -set -nocase -filter {name =~ "microblaze*#0" && bscan=="USER2"  && jtag_cable_name =~ "Digilent Nexys4DDR 210292646203A"} -index 0
dow C:/warmup_group/warmup_group.sdk/echo_server/Debug/echo_server.elf
----------------End of Script----------------

18:38:07 INFO  : Context for processor 'microblaze_0' is selected.
18:38:07 INFO  : 'con' command is executed.
18:38:07 INFO  : ----------------XSDB Script (After Launch)----------------
targets -set -nocase -filter {name =~ "microblaze*#0" && bscan=="USER2"  && jtag_cable_name =~ "Digilent Nexys4DDR 210292646203A"} -index 0
con
----------------End of Script----------------

18:38:07 INFO  : Disconnected from the channel tcfchan#2.
18:44:49 INFO  : Connected to target on host '127.0.0.1' and port '3121'.
18:44:50 INFO  : Jtag cable 'Digilent Nexys4DDR 210292646203A' is selected.
18:44:50 INFO  : 'jtag frequency' command is executed.
18:44:50 INFO  : 'targets -set -filter {jtag_cable_name =~ "Digilent Nexys4DDR 210292646203A" && level==0} -index 0' command is executed.
18:44:52 INFO  : FPGA configured successfully with bitstream "C:/warmup_group/warmup_group.sdk/wp_bd_wrapper_hw_platform_0/download.bit"
18:44:52 INFO  : 'configparams mdm-detect-bscan-mask 2' command is executed.
18:44:52 INFO  : Context for processor 'microblaze_0' is selected.
18:44:52 INFO  : Processor reset is completed for 'microblaze_0'.
18:44:52 INFO  : Context for processor 'microblaze_0' is selected.
18:44:53 INFO  : The application 'C:/warmup_group/warmup_group.sdk/echo_server/Debug/echo_server.elf' is downloaded to processor 'microblaze_0'.
18:44:53 INFO  : ----------------XSDB Script----------------
connect -url tcp:127.0.0.1:3121
targets -set -filter {jtag_cable_name =~ "Digilent Nexys4DDR 210292646203A" && level==0} -index 0
fpga -file C:/warmup_group/warmup_group.sdk/wp_bd_wrapper_hw_platform_0/download.bit
configparams mdm-detect-bscan-mask 2
targets -set -nocase -filter {name =~ "microblaze*#0" && bscan=="USER2"  && jtag_cable_name =~ "Digilent Nexys4DDR 210292646203A"} -index 0
rst -processor
targets -set -nocase -filter {name =~ "microblaze*#0" && bscan=="USER2"  && jtag_cable_name =~ "Digilent Nexys4DDR 210292646203A"} -index 0
dow C:/warmup_group/warmup_group.sdk/echo_server/Debug/echo_server.elf
----------------End of Script----------------

18:44:53 INFO  : Context for processor 'microblaze_0' is selected.
18:44:53 INFO  : 'con' command is executed.
18:44:53 INFO  : ----------------XSDB Script (After Launch)----------------
targets -set -nocase -filter {name =~ "microblaze*#0" && bscan=="USER2"  && jtag_cable_name =~ "Digilent Nexys4DDR 210292646203A"} -index 0
con
----------------End of Script----------------

18:44:53 INFO  : Disconnected from the channel tcfchan#3.
18:47:36 INFO  : Connected to target on host '127.0.0.1' and port '3121'.
18:47:36 INFO  : Jtag cable 'Digilent Nexys4DDR 210292646203A' is selected.
18:47:36 INFO  : 'jtag frequency' command is executed.
18:47:36 INFO  : 'targets -set -filter {jtag_cable_name =~ "Digilent Nexys4DDR 210292646203A" && level==0} -index 0' command is executed.
18:47:39 INFO  : FPGA configured successfully with bitstream "C:/warmup_group/warmup_group.sdk/wp_bd_wrapper_hw_platform_0/download.bit"
18:47:39 INFO  : 'configparams mdm-detect-bscan-mask 2' command is executed.
18:47:39 INFO  : Context for processor 'microblaze_0' is selected.
18:47:39 INFO  : Processor reset is completed for 'microblaze_0'.
18:47:39 INFO  : Context for processor 'microblaze_0' is selected.
18:47:39 INFO  : The application 'C:/warmup_group/warmup_group.sdk/echo_server/Debug/echo_server.elf' is downloaded to processor 'microblaze_0'.
18:47:39 INFO  : ----------------XSDB Script----------------
connect -url tcp:127.0.0.1:3121
targets -set -filter {jtag_cable_name =~ "Digilent Nexys4DDR 210292646203A" && level==0} -index 0
fpga -file C:/warmup_group/warmup_group.sdk/wp_bd_wrapper_hw_platform_0/download.bit
configparams mdm-detect-bscan-mask 2
targets -set -nocase -filter {name =~ "microblaze*#0" && bscan=="USER2"  && jtag_cable_name =~ "Digilent Nexys4DDR 210292646203A"} -index 0
rst -processor
targets -set -nocase -filter {name =~ "microblaze*#0" && bscan=="USER2"  && jtag_cable_name =~ "Digilent Nexys4DDR 210292646203A"} -index 0
dow C:/warmup_group/warmup_group.sdk/echo_server/Debug/echo_server.elf
----------------End of Script----------------

18:47:39 INFO  : Context for processor 'microblaze_0' is selected.
18:47:39 INFO  : 'con' command is executed.
18:47:39 INFO  : ----------------XSDB Script (After Launch)----------------
targets -set -nocase -filter {name =~ "microblaze*#0" && bscan=="USER2"  && jtag_cable_name =~ "Digilent Nexys4DDR 210292646203A"} -index 0
con
----------------End of Script----------------

18:47:39 INFO  : Disconnected from the channel tcfchan#4.
18:59:18 INFO  : Connected to target on host '127.0.0.1' and port '3121'.
18:59:19 INFO  : Jtag cable 'Digilent Nexys4DDR 210292646203A' is selected.
18:59:19 INFO  : 'jtag frequency' command is executed.
18:59:20 INFO  : 'targets -set -filter {jtag_cable_name =~ "Digilent Nexys4DDR 210292646203A" && level==0} -index 0' command is executed.
18:59:22 ERROR : 'fpga -file C:/warmup_group/warmup_group.sdk/wp_bd_wrapper_hw_platform_0/download.bit' is cancelled.
18:59:22 INFO  : Issued abort command to xsdb.
18:59:22 ERROR : Exception occured while running Program FPGA.
java.lang.RuntimeException: 'fpga -file C:/warmup_group/warmup_group.sdk/wp_bd_wrapper_hw_platform_0/download.bit' is cancelled.
18:59:22 INFO  : ----------------XSDB Script----------------
connect -url tcp:127.0.0.1:3121
----------------End of Script----------------

18:59:34 INFO  : Connected to target on host '127.0.0.1' and port '3121'.
18:59:34 INFO  : Jtag cable 'Digilent Nexys4DDR 210292646203A' is selected.
18:59:34 INFO  : 'jtag frequency' command is executed.
18:59:34 INFO  : 'targets -set -filter {jtag_cable_name =~ "Digilent Nexys4DDR 210292646203A" && level==0} -index 0' command is executed.
18:59:36 INFO  : FPGA configured successfully with bitstream "C:/warmup_group/warmup_group.sdk/wp_bd_wrapper_hw_platform_0/download.bit"
18:59:36 INFO  : 'configparams mdm-detect-bscan-mask 2' command is executed.
18:59:36 INFO  : Context for processor 'microblaze_0' is selected.
18:59:36 INFO  : Processor reset is completed for 'microblaze_0'.
18:59:36 INFO  : Context for processor 'microblaze_0' is selected.
18:59:37 INFO  : The application 'C:/warmup_group/warmup_group.sdk/echo_server/Debug/echo_server.elf' is downloaded to processor 'microblaze_0'.
18:59:37 INFO  : ----------------XSDB Script----------------
connect -url tcp:127.0.0.1:3121
targets -set -filter {jtag_cable_name =~ "Digilent Nexys4DDR 210292646203A" && level==0} -index 0
fpga -file C:/warmup_group/warmup_group.sdk/wp_bd_wrapper_hw_platform_0/download.bit
configparams mdm-detect-bscan-mask 2
targets -set -nocase -filter {name =~ "microblaze*#0" && bscan=="USER2"  && jtag_cable_name =~ "Digilent Nexys4DDR 210292646203A"} -index 0
rst -processor
targets -set -nocase -filter {name =~ "microblaze*#0" && bscan=="USER2"  && jtag_cable_name =~ "Digilent Nexys4DDR 210292646203A"} -index 0
dow C:/warmup_group/warmup_group.sdk/echo_server/Debug/echo_server.elf
----------------End of Script----------------

18:59:37 INFO  : Context for processor 'microblaze_0' is selected.
18:59:37 INFO  : 'con' command is executed.
18:59:37 INFO  : ----------------XSDB Script (After Launch)----------------
targets -set -nocase -filter {name =~ "microblaze*#0" && bscan=="USER2"  && jtag_cable_name =~ "Digilent Nexys4DDR 210292646203A"} -index 0
con
----------------End of Script----------------

18:59:37 INFO  : Disconnected from the channel tcfchan#5.
21:37:03 INFO  : Connected to target on host '127.0.0.1' and port '3121'.
21:37:04 INFO  : Jtag cable 'Digilent Nexys4DDR 210292646203A' is selected.
21:37:04 INFO  : 'jtag frequency' command is executed.
21:37:04 INFO  : 'targets -set -filter {jtag_cable_name =~ "Digilent Nexys4DDR 210292646203A" && level==0} -index 0' command is executed.
21:37:06 INFO  : FPGA configured successfully with bitstream "C:/warmup_group/warmup_group.sdk/wp_bd_wrapper_hw_platform_0/download.bit"
21:37:06 INFO  : 'configparams mdm-detect-bscan-mask 2' command is executed.
21:37:06 INFO  : Context for processor 'microblaze_0' is selected.
21:37:06 INFO  : Processor reset is completed for 'microblaze_0'.
21:37:06 INFO  : Context for processor 'microblaze_0' is selected.
21:37:06 INFO  : The application 'C:/warmup_group/warmup_group.sdk/echo_server/Debug/echo_server.elf' is downloaded to processor 'microblaze_0'.
21:37:06 INFO  : ----------------XSDB Script----------------
connect -url tcp:127.0.0.1:3121
targets -set -filter {jtag_cable_name =~ "Digilent Nexys4DDR 210292646203A" && level==0} -index 0
fpga -file C:/warmup_group/warmup_group.sdk/wp_bd_wrapper_hw_platform_0/download.bit
configparams mdm-detect-bscan-mask 2
targets -set -nocase -filter {name =~ "microblaze*#0" && bscan=="USER2"  && jtag_cable_name =~ "Digilent Nexys4DDR 210292646203A"} -index 0
rst -processor
targets -set -nocase -filter {name =~ "microblaze*#0" && bscan=="USER2"  && jtag_cable_name =~ "Digilent Nexys4DDR 210292646203A"} -index 0
dow C:/warmup_group/warmup_group.sdk/echo_server/Debug/echo_server.elf
----------------End of Script----------------

21:37:07 INFO  : Context for processor 'microblaze_0' is selected.
21:37:07 INFO  : 'con' command is executed.
21:37:07 INFO  : ----------------XSDB Script (After Launch)----------------
targets -set -nocase -filter {name =~ "microblaze*#0" && bscan=="USER2"  && jtag_cable_name =~ "Digilent Nexys4DDR 210292646203A"} -index 0
con
----------------End of Script----------------

21:37:07 INFO  : Disconnected from the channel tcfchan#6.
14:40:55 INFO  : Registering command handlers for SDK TCF services
14:40:56 INFO  : Launching XSCT server: xsct.bat -interactive C:\Users\zoubakin\warmup_group\warmup_group.sdk\temp_xsdb_launch_script.tcl
14:40:58 INFO  : XSCT server has started successfully.
14:40:58 INFO  : Successfully done setting XSCT server connection channel  
14:40:58 INFO  : Successfully done setting SDK workspace  
14:40:58 INFO  : Processing command line option -hwspec C:/Users/zoubakin/warmup_group/warmup_group.sdk/wp_bd_wrapper.hdf.
14:45:11 INFO  : Refreshed build settings on project echo_server
14:45:42 INFO  : Connected to target on host '127.0.0.1' and port '3121'.
14:45:43 INFO  : 'targets -set -filter {jtag_cable_name =~ "Digilent Nexys4DDR 210292646051A" && level==0} -index 0' command is executed.
14:45:46 INFO  : FPGA configured successfully with bitstream "C:/Users/zoubakin/warmup_group/warmup_group.sdk/wp_bd_wrapper_hw_platform_0/download.bit"
14:46:52 INFO  : 'targets -set -filter {jtag_cable_name =~ "Digilent Nexys4DDR 210292646051A" && level==0} -index 0' command is executed.
14:46:52 INFO  : 'fpga -state' command is executed.
14:46:52 INFO  : Connected to target on host '127.0.0.1' and port '3121'.
14:46:52 INFO  : Jtag cable 'Digilent Nexys4DDR 210292646051A' is selected.
14:46:52 INFO  : 'jtag frequency' command is executed.
14:46:52 INFO  : 'configparams mdm-detect-bscan-mask 2' command is executed.
14:46:52 INFO  : Context for processor 'microblaze_0' is selected.
14:46:52 INFO  : Processor reset is completed for 'microblaze_0'.
14:46:52 INFO  : Context for processor 'microblaze_0' is selected.
14:46:53 INFO  : The application 'C:/Users/zoubakin/warmup_group/warmup_group.sdk/echo_server/Debug/echo_server.elf' is downloaded to processor 'microblaze_0'.
14:46:53 INFO  : ----------------XSDB Script----------------
connect -url tcp:127.0.0.1:3121
configparams mdm-detect-bscan-mask 2
targets -set -nocase -filter {name =~ "microblaze*#0" && bscan=="USER2"  && jtag_cable_name =~ "Digilent Nexys4DDR 210292646051A"} -index 0
rst -processor
targets -set -nocase -filter {name =~ "microblaze*#0" && bscan=="USER2"  && jtag_cable_name =~ "Digilent Nexys4DDR 210292646051A"} -index 0
dow C:/Users/zoubakin/warmup_group/warmup_group.sdk/echo_server/Debug/echo_server.elf
----------------End of Script----------------

14:46:53 INFO  : Context for processor 'microblaze_0' is selected.
14:46:53 INFO  : 'con' command is executed.
14:46:53 INFO  : ----------------XSDB Script (After Launch)----------------
targets -set -nocase -filter {name =~ "microblaze*#0" && bscan=="USER2"  && jtag_cable_name =~ "Digilent Nexys4DDR 210292646051A"} -index 0
con
----------------End of Script----------------

14:46:53 INFO  : Disconnected from the channel tcfchan#1.
14:47:30 INFO  : 'targets -set -filter {jtag_cable_name =~ "Digilent Nexys4DDR 210292646051A" && level==0} -index 0' command is executed.
14:47:30 INFO  : 'fpga -state' command is executed.
14:47:30 INFO  : Connected to target on host '127.0.0.1' and port '3121'.
14:47:31 INFO  : Jtag cable 'Digilent Nexys4DDR 210292646051A' is selected.
14:47:31 INFO  : 'jtag frequency' command is executed.
14:47:31 INFO  : 'configparams mdm-detect-bscan-mask 2' command is executed.
14:47:31 INFO  : Context for processor 'microblaze_0' is selected.
14:47:31 INFO  : Processor reset is completed for 'microblaze_0'.
14:47:31 INFO  : Context for processor 'microblaze_0' is selected.
14:47:32 INFO  : The application 'C:/Users/zoubakin/warmup_group/warmup_group.sdk/echo_server/Debug/echo_server.elf' is downloaded to processor 'microblaze_0'.
14:47:32 INFO  : ----------------XSDB Script----------------
connect -url tcp:127.0.0.1:3121
configparams mdm-detect-bscan-mask 2
targets -set -nocase -filter {name =~ "microblaze*#0" && bscan=="USER2"  && jtag_cable_name =~ "Digilent Nexys4DDR 210292646051A"} -index 0
rst -processor
targets -set -nocase -filter {name =~ "microblaze*#0" && bscan=="USER2"  && jtag_cable_name =~ "Digilent Nexys4DDR 210292646051A"} -index 0
dow C:/Users/zoubakin/warmup_group/warmup_group.sdk/echo_server/Debug/echo_server.elf
----------------End of Script----------------

14:47:33 INFO  : Context for processor 'microblaze_0' is selected.
14:47:33 INFO  : 'con' command is executed.
14:47:33 INFO  : ----------------XSDB Script (After Launch)----------------
targets -set -nocase -filter {name =~ "microblaze*#0" && bscan=="USER2"  && jtag_cable_name =~ "Digilent Nexys4DDR 210292646051A"} -index 0
con
----------------End of Script----------------

14:47:33 INFO  : Disconnected from the channel tcfchan#2.
14:47:55 INFO  : 'targets -set -filter {jtag_cable_name =~ "Digilent Nexys4DDR 210292646051A" && level==0} -index 0' command is executed.
14:47:55 INFO  : 'fpga -state' command is executed.
14:47:55 INFO  : Connected to target on host '127.0.0.1' and port '3121'.
14:47:55 INFO  : Jtag cable 'Digilent Nexys4DDR 210292646051A' is selected.
14:47:55 INFO  : 'jtag frequency' command is executed.
14:47:55 INFO  : 'configparams mdm-detect-bscan-mask 2' command is executed.
14:47:55 INFO  : Context for processor 'microblaze_0' is selected.
14:47:55 INFO  : Processor reset is completed for 'microblaze_0'.
14:47:55 INFO  : Context for processor 'microblaze_0' is selected.
14:47:55 INFO  : The application 'C:/Users/zoubakin/warmup_group/warmup_group.sdk/echo_server/Debug/echo_server.elf' is downloaded to processor 'microblaze_0'.
14:47:55 INFO  : ----------------XSDB Script----------------
connect -url tcp:127.0.0.1:3121
configparams mdm-detect-bscan-mask 2
targets -set -nocase -filter {name =~ "microblaze*#0" && bscan=="USER2"  && jtag_cable_name =~ "Digilent Nexys4DDR 210292646051A"} -index 0
rst -processor
targets -set -nocase -filter {name =~ "microblaze*#0" && bscan=="USER2"  && jtag_cable_name =~ "Digilent Nexys4DDR 210292646051A"} -index 0
dow C:/Users/zoubakin/warmup_group/warmup_group.sdk/echo_server/Debug/echo_server.elf
----------------End of Script----------------

14:47:56 INFO  : Context for processor 'microblaze_0' is selected.
14:47:56 INFO  : 'con' command is executed.
14:47:56 INFO  : ----------------XSDB Script (After Launch)----------------
targets -set -nocase -filter {name =~ "microblaze*#0" && bscan=="USER2"  && jtag_cable_name =~ "Digilent Nexys4DDR 210292646051A"} -index 0
con
----------------End of Script----------------

14:47:56 INFO  : Disconnected from the channel tcfchan#3.
14:49:55 INFO  : 'targets -set -filter {jtag_cable_name =~ "Digilent Nexys4DDR 210292646051A" && level==0} -index 0' command is executed.
14:49:55 INFO  : 'fpga -state' command is executed.
14:49:55 INFO  : Connected to target on host '127.0.0.1' and port '3121'.
14:49:55 INFO  : Jtag cable 'Digilent Nexys4DDR 210292646051A' is selected.
14:49:55 INFO  : 'jtag frequency' command is executed.
14:49:55 INFO  : 'configparams mdm-detect-bscan-mask 2' command is executed.
14:49:55 INFO  : Context for processor 'microblaze_0' is selected.
14:49:55 INFO  : Processor reset is completed for 'microblaze_0'.
14:49:55 INFO  : Context for processor 'microblaze_0' is selected.
14:49:55 INFO  : The application 'C:/Users/zoubakin/warmup_group/warmup_group.sdk/echo_server/Debug/echo_server.elf' is downloaded to processor 'microblaze_0'.
14:49:55 INFO  : ----------------XSDB Script----------------
connect -url tcp:127.0.0.1:3121
configparams mdm-detect-bscan-mask 2
targets -set -nocase -filter {name =~ "microblaze*#0" && bscan=="USER2"  && jtag_cable_name =~ "Digilent Nexys4DDR 210292646051A"} -index 0
rst -processor
targets -set -nocase -filter {name =~ "microblaze*#0" && bscan=="USER2"  && jtag_cable_name =~ "Digilent Nexys4DDR 210292646051A"} -index 0
dow C:/Users/zoubakin/warmup_group/warmup_group.sdk/echo_server/Debug/echo_server.elf
----------------End of Script----------------

14:49:55 INFO  : Context for processor 'microblaze_0' is selected.
14:49:55 INFO  : 'con' command is executed.
14:49:55 INFO  : ----------------XSDB Script (After Launch)----------------
targets -set -nocase -filter {name =~ "microblaze*#0" && bscan=="USER2"  && jtag_cable_name =~ "Digilent Nexys4DDR 210292646051A"} -index 0
con
----------------End of Script----------------

14:49:55 INFO  : Disconnected from the channel tcfchan#4.
14:53:22 INFO  : 'targets -set -filter {jtag_cable_name =~ "Digilent Nexys4DDR 210292646051A" && level==0} -index 0' command is executed.
14:53:22 INFO  : 'fpga -state' command is executed.
14:53:22 INFO  : Connected to target on host '127.0.0.1' and port '3121'.
14:53:22 INFO  : Jtag cable 'Digilent Nexys4DDR 210292646051A' is selected.
14:53:22 INFO  : 'jtag frequency' command is executed.
14:53:22 INFO  : 'configparams mdm-detect-bscan-mask 2' command is executed.
14:53:22 INFO  : Context for processor 'microblaze_0' is selected.
14:53:22 INFO  : Processor reset is completed for 'microblaze_0'.
14:53:22 INFO  : Context for processor 'microblaze_0' is selected.
14:53:23 INFO  : The application 'C:/Users/zoubakin/warmup_group/warmup_group.sdk/echo_server/Debug/echo_server.elf' is downloaded to processor 'microblaze_0'.
14:53:23 INFO  : ----------------XSDB Script----------------
connect -url tcp:127.0.0.1:3121
configparams mdm-detect-bscan-mask 2
targets -set -nocase -filter {name =~ "microblaze*#0" && bscan=="USER2"  && jtag_cable_name =~ "Digilent Nexys4DDR 210292646051A"} -index 0
rst -processor
targets -set -nocase -filter {name =~ "microblaze*#0" && bscan=="USER2"  && jtag_cable_name =~ "Digilent Nexys4DDR 210292646051A"} -index 0
dow C:/Users/zoubakin/warmup_group/warmup_group.sdk/echo_server/Debug/echo_server.elf
----------------End of Script----------------

14:53:23 INFO  : Context for processor 'microblaze_0' is selected.
14:53:23 INFO  : 'con' command is executed.
14:53:23 INFO  : ----------------XSDB Script (After Launch)----------------
targets -set -nocase -filter {name =~ "microblaze*#0" && bscan=="USER2"  && jtag_cable_name =~ "Digilent Nexys4DDR 210292646051A"} -index 0
con
----------------End of Script----------------

14:53:23 INFO  : Disconnected from the channel tcfchan#5.
14:54:35 INFO  : 'targets -set -filter {jtag_cable_name =~ "Digilent Nexys4DDR 210292646051A" && level==0} -index 0' command is executed.
14:54:35 INFO  : 'fpga -state' command is executed.
14:54:35 INFO  : Connected to target on host '127.0.0.1' and port '3121'.
14:54:35 INFO  : Jtag cable 'Digilent Nexys4DDR 210292646051A' is selected.
14:54:35 INFO  : 'jtag frequency' command is executed.
14:54:35 INFO  : 'configparams mdm-detect-bscan-mask 2' command is executed.
14:54:35 INFO  : Context for processor 'microblaze_0' is selected.
14:54:35 INFO  : Processor reset is completed for 'microblaze_0'.
14:54:35 INFO  : Context for processor 'microblaze_0' is selected.
14:54:36 INFO  : The application 'C:/Users/zoubakin/warmup_group/warmup_group.sdk/echo_server/Debug/echo_server.elf' is downloaded to processor 'microblaze_0'.
14:54:36 INFO  : ----------------XSDB Script----------------
connect -url tcp:127.0.0.1:3121
configparams mdm-detect-bscan-mask 2
targets -set -nocase -filter {name =~ "microblaze*#0" && bscan=="USER2"  && jtag_cable_name =~ "Digilent Nexys4DDR 210292646051A"} -index 0
rst -processor
targets -set -nocase -filter {name =~ "microblaze*#0" && bscan=="USER2"  && jtag_cable_name =~ "Digilent Nexys4DDR 210292646051A"} -index 0
dow C:/Users/zoubakin/warmup_group/warmup_group.sdk/echo_server/Debug/echo_server.elf
----------------End of Script----------------

14:54:36 INFO  : Context for processor 'microblaze_0' is selected.
14:54:36 INFO  : 'con' command is executed.
14:54:36 INFO  : ----------------XSDB Script (After Launch)----------------
targets -set -nocase -filter {name =~ "microblaze*#0" && bscan=="USER2"  && jtag_cable_name =~ "Digilent Nexys4DDR 210292646051A"} -index 0
con
----------------End of Script----------------

14:54:36 INFO  : Disconnected from the channel tcfchan#6.
14:55:21 INFO  : 'targets -set -filter {jtag_cable_name =~ "Digilent Nexys4DDR 210292646051A" && level==0} -index 0' command is executed.
14:55:21 INFO  : 'fpga -state' command is executed.
14:55:21 INFO  : Connected to target on host '127.0.0.1' and port '3121'.
14:55:21 INFO  : Jtag cable 'Digilent Nexys4DDR 210292646051A' is selected.
14:55:21 INFO  : 'jtag frequency' command is executed.
14:55:21 INFO  : 'configparams mdm-detect-bscan-mask 2' command is executed.
14:55:21 INFO  : Context for processor 'microblaze_0' is selected.
14:55:21 INFO  : Processor reset is completed for 'microblaze_0'.
14:55:21 INFO  : Context for processor 'microblaze_0' is selected.
14:55:22 INFO  : The application 'C:/Users/zoubakin/warmup_group/warmup_group.sdk/echo_server/Debug/echo_server.elf' is downloaded to processor 'microblaze_0'.
14:55:22 INFO  : ----------------XSDB Script----------------
connect -url tcp:127.0.0.1:3121
configparams mdm-detect-bscan-mask 2
targets -set -nocase -filter {name =~ "microblaze*#0" && bscan=="USER2"  && jtag_cable_name =~ "Digilent Nexys4DDR 210292646051A"} -index 0
rst -processor
targets -set -nocase -filter {name =~ "microblaze*#0" && bscan=="USER2"  && jtag_cable_name =~ "Digilent Nexys4DDR 210292646051A"} -index 0
dow C:/Users/zoubakin/warmup_group/warmup_group.sdk/echo_server/Debug/echo_server.elf
----------------End of Script----------------

14:55:22 INFO  : Context for processor 'microblaze_0' is selected.
14:55:22 INFO  : 'con' command is executed.
14:55:22 INFO  : ----------------XSDB Script (After Launch)----------------
targets -set -nocase -filter {name =~ "microblaze*#0" && bscan=="USER2"  && jtag_cable_name =~ "Digilent Nexys4DDR 210292646051A"} -index 0
con
----------------End of Script----------------

14:55:22 INFO  : Disconnected from the channel tcfchan#7.
14:57:28 INFO  : 'targets -set -filter {jtag_cable_name =~ "Digilent Nexys4DDR 210292646051A" && level==0} -index 0' command is executed.
14:57:28 INFO  : 'fpga -state' command is executed.
14:57:28 INFO  : Connected to target on host '127.0.0.1' and port '3121'.
14:57:28 INFO  : Jtag cable 'Digilent Nexys4DDR 210292646051A' is selected.
14:57:28 INFO  : 'jtag frequency' command is executed.
14:57:28 INFO  : 'configparams mdm-detect-bscan-mask 2' command is executed.
14:57:28 INFO  : Context for processor 'microblaze_0' is selected.
14:57:29 INFO  : Processor reset is completed for 'microblaze_0'.
14:57:29 INFO  : Context for processor 'microblaze_0' is selected.
14:57:30 INFO  : The application 'C:/Users/zoubakin/warmup_group/warmup_group.sdk/echo_server/Debug/echo_server.elf' is downloaded to processor 'microblaze_0'.
14:57:30 INFO  : ----------------XSDB Script----------------
connect -url tcp:127.0.0.1:3121
configparams mdm-detect-bscan-mask 2
targets -set -nocase -filter {name =~ "microblaze*#0" && bscan=="USER2"  && jtag_cable_name =~ "Digilent Nexys4DDR 210292646051A"} -index 0
rst -processor
targets -set -nocase -filter {name =~ "microblaze*#0" && bscan=="USER2"  && jtag_cable_name =~ "Digilent Nexys4DDR 210292646051A"} -index 0
dow C:/Users/zoubakin/warmup_group/warmup_group.sdk/echo_server/Debug/echo_server.elf
----------------End of Script----------------

14:57:30 INFO  : Context for processor 'microblaze_0' is selected.
14:57:30 INFO  : 'con' command is executed.
14:57:30 INFO  : ----------------XSDB Script (After Launch)----------------
targets -set -nocase -filter {name =~ "microblaze*#0" && bscan=="USER2"  && jtag_cable_name =~ "Digilent Nexys4DDR 210292646051A"} -index 0
con
----------------End of Script----------------

14:57:30 INFO  : Disconnected from the channel tcfchan#8.
14:59:09 INFO  : 'targets -set -filter {jtag_cable_name =~ "Digilent Nexys4DDR 210292646051A" && level==0} -index 0' command is executed.
14:59:09 INFO  : 'fpga -state' command is executed.
14:59:09 INFO  : Connected to target on host '127.0.0.1' and port '3121'.
14:59:09 INFO  : Jtag cable 'Digilent Nexys4DDR 210292646051A' is selected.
14:59:09 INFO  : 'jtag frequency' command is executed.
14:59:09 INFO  : 'configparams mdm-detect-bscan-mask 2' command is executed.
14:59:09 INFO  : Context for processor 'microblaze_0' is selected.
14:59:10 INFO  : Processor reset is completed for 'microblaze_0'.
14:59:10 INFO  : Context for processor 'microblaze_0' is selected.
14:59:11 INFO  : The application 'C:/Users/zoubakin/warmup_group/warmup_group.sdk/echo_server/Debug/echo_server.elf' is downloaded to processor 'microblaze_0'.
14:59:11 INFO  : ----------------XSDB Script----------------
connect -url tcp:127.0.0.1:3121
configparams mdm-detect-bscan-mask 2
targets -set -nocase -filter {name =~ "microblaze*#0" && bscan=="USER2"  && jtag_cable_name =~ "Digilent Nexys4DDR 210292646051A"} -index 0
rst -processor
targets -set -nocase -filter {name =~ "microblaze*#0" && bscan=="USER2"  && jtag_cable_name =~ "Digilent Nexys4DDR 210292646051A"} -index 0
dow C:/Users/zoubakin/warmup_group/warmup_group.sdk/echo_server/Debug/echo_server.elf
----------------End of Script----------------

14:59:11 INFO  : Context for processor 'microblaze_0' is selected.
14:59:11 INFO  : 'con' command is executed.
14:59:11 INFO  : ----------------XSDB Script (After Launch)----------------
targets -set -nocase -filter {name =~ "microblaze*#0" && bscan=="USER2"  && jtag_cable_name =~ "Digilent Nexys4DDR 210292646051A"} -index 0
con
----------------End of Script----------------

14:59:11 INFO  : Disconnected from the channel tcfchan#9.
15:02:13 INFO  : 'targets -set -filter {jtag_cable_name =~ "Digilent Nexys4DDR 210292646051A" && level==0} -index 0' command is executed.
15:02:13 INFO  : 'fpga -state' command is executed.
15:02:13 INFO  : Connected to target on host '127.0.0.1' and port '3121'.
15:02:13 INFO  : Jtag cable 'Digilent Nexys4DDR 210292646051A' is selected.
15:02:13 INFO  : 'jtag frequency' command is executed.
15:02:13 INFO  : 'configparams mdm-detect-bscan-mask 2' command is executed.
15:02:13 INFO  : Context for processor 'microblaze_0' is selected.
15:02:13 INFO  : Processor reset is completed for 'microblaze_0'.
15:02:13 INFO  : Context for processor 'microblaze_0' is selected.
15:02:14 INFO  : The application 'C:/Users/zoubakin/warmup_group/warmup_group.sdk/echo_server/Debug/echo_server.elf' is downloaded to processor 'microblaze_0'.
15:02:14 INFO  : ----------------XSDB Script----------------
connect -url tcp:127.0.0.1:3121
configparams mdm-detect-bscan-mask 2
targets -set -nocase -filter {name =~ "microblaze*#0" && bscan=="USER2"  && jtag_cable_name =~ "Digilent Nexys4DDR 210292646051A"} -index 0
rst -processor
targets -set -nocase -filter {name =~ "microblaze*#0" && bscan=="USER2"  && jtag_cable_name =~ "Digilent Nexys4DDR 210292646051A"} -index 0
dow C:/Users/zoubakin/warmup_group/warmup_group.sdk/echo_server/Debug/echo_server.elf
----------------End of Script----------------

15:02:14 INFO  : Context for processor 'microblaze_0' is selected.
15:02:14 INFO  : 'con' command is executed.
15:02:14 INFO  : ----------------XSDB Script (After Launch)----------------
targets -set -nocase -filter {name =~ "microblaze*#0" && bscan=="USER2"  && jtag_cable_name =~ "Digilent Nexys4DDR 210292646051A"} -index 0
con
----------------End of Script----------------

15:02:14 INFO  : Disconnected from the channel tcfchan#10.
15:03:19 INFO  : 'targets -set -filter {jtag_cable_name =~ "Digilent Nexys4DDR 210292646051A" && level==0} -index 0' command is executed.
15:03:19 INFO  : 'fpga -state' command is executed.
15:03:19 INFO  : Connected to target on host '127.0.0.1' and port '3121'.
15:03:19 INFO  : Jtag cable 'Digilent Nexys4DDR 210292646051A' is selected.
15:03:19 INFO  : 'jtag frequency' command is executed.
15:03:19 INFO  : 'configparams mdm-detect-bscan-mask 2' command is executed.
15:03:19 INFO  : Context for processor 'microblaze_0' is selected.
15:03:19 INFO  : Processor reset is completed for 'microblaze_0'.
15:03:19 INFO  : Context for processor 'microblaze_0' is selected.
15:03:20 INFO  : The application 'C:/Users/zoubakin/warmup_group/warmup_group.sdk/echo_server/Debug/echo_server.elf' is downloaded to processor 'microblaze_0'.
15:03:20 INFO  : ----------------XSDB Script----------------
connect -url tcp:127.0.0.1:3121
configparams mdm-detect-bscan-mask 2
targets -set -nocase -filter {name =~ "microblaze*#0" && bscan=="USER2"  && jtag_cable_name =~ "Digilent Nexys4DDR 210292646051A"} -index 0
rst -processor
targets -set -nocase -filter {name =~ "microblaze*#0" && bscan=="USER2"  && jtag_cable_name =~ "Digilent Nexys4DDR 210292646051A"} -index 0
dow C:/Users/zoubakin/warmup_group/warmup_group.sdk/echo_server/Debug/echo_server.elf
----------------End of Script----------------

15:03:20 INFO  : Context for processor 'microblaze_0' is selected.
15:03:20 INFO  : 'con' command is executed.
15:03:20 INFO  : ----------------XSDB Script (After Launch)----------------
targets -set -nocase -filter {name =~ "microblaze*#0" && bscan=="USER2"  && jtag_cable_name =~ "Digilent Nexys4DDR 210292646051A"} -index 0
con
----------------End of Script----------------

15:03:20 INFO  : Disconnected from the channel tcfchan#11.
15:05:27 INFO  : 'targets -set -filter {jtag_cable_name =~ "Digilent Nexys4DDR 210292646051A" && level==0} -index 0' command is executed.
15:05:27 INFO  : 'fpga -state' command is executed.
15:05:27 INFO  : Connected to target on host '127.0.0.1' and port '3121'.
15:05:27 INFO  : Jtag cable 'Digilent Nexys4DDR 210292646051A' is selected.
15:05:27 INFO  : 'jtag frequency' command is executed.
15:05:27 INFO  : 'configparams mdm-detect-bscan-mask 2' command is executed.
15:05:27 INFO  : Context for processor 'microblaze_0' is selected.
15:05:27 INFO  : Processor reset is completed for 'microblaze_0'.
15:05:27 INFO  : Context for processor 'microblaze_0' is selected.
15:05:28 INFO  : The application 'C:/Users/zoubakin/warmup_group/warmup_group.sdk/echo_server/Debug/echo_server.elf' is downloaded to processor 'microblaze_0'.
15:05:28 INFO  : ----------------XSDB Script----------------
connect -url tcp:127.0.0.1:3121
configparams mdm-detect-bscan-mask 2
targets -set -nocase -filter {name =~ "microblaze*#0" && bscan=="USER2"  && jtag_cable_name =~ "Digilent Nexys4DDR 210292646051A"} -index 0
rst -processor
targets -set -nocase -filter {name =~ "microblaze*#0" && bscan=="USER2"  && jtag_cable_name =~ "Digilent Nexys4DDR 210292646051A"} -index 0
dow C:/Users/zoubakin/warmup_group/warmup_group.sdk/echo_server/Debug/echo_server.elf
----------------End of Script----------------

15:05:28 INFO  : Context for processor 'microblaze_0' is selected.
15:05:28 INFO  : 'con' command is executed.
15:05:28 INFO  : ----------------XSDB Script (After Launch)----------------
targets -set -nocase -filter {name =~ "microblaze*#0" && bscan=="USER2"  && jtag_cable_name =~ "Digilent Nexys4DDR 210292646051A"} -index 0
con
----------------End of Script----------------

15:05:28 INFO  : Disconnected from the channel tcfchan#12.
15:06:53 INFO  : 'targets -set -filter {jtag_cable_name =~ "Digilent Nexys4DDR 210292646051A" && level==0} -index 0' command is executed.
15:06:53 INFO  : 'fpga -state' command is executed.
15:06:53 INFO  : Connected to target on host '127.0.0.1' and port '3121'.
15:06:53 INFO  : Jtag cable 'Digilent Nexys4DDR 210292646051A' is selected.
15:06:53 INFO  : 'jtag frequency' command is executed.
15:06:53 INFO  : 'configparams mdm-detect-bscan-mask 2' command is executed.
15:06:53 INFO  : Context for processor 'microblaze_0' is selected.
15:06:53 INFO  : Processor reset is completed for 'microblaze_0'.
15:06:53 INFO  : Context for processor 'microblaze_0' is selected.
15:06:53 INFO  : The application 'C:/Users/zoubakin/warmup_group/warmup_group.sdk/echo_server/Debug/echo_server.elf' is downloaded to processor 'microblaze_0'.
15:06:53 INFO  : ----------------XSDB Script----------------
connect -url tcp:127.0.0.1:3121
configparams mdm-detect-bscan-mask 2
targets -set -nocase -filter {name =~ "microblaze*#0" && bscan=="USER2"  && jtag_cable_name =~ "Digilent Nexys4DDR 210292646051A"} -index 0
rst -processor
targets -set -nocase -filter {name =~ "microblaze*#0" && bscan=="USER2"  && jtag_cable_name =~ "Digilent Nexys4DDR 210292646051A"} -index 0
dow C:/Users/zoubakin/warmup_group/warmup_group.sdk/echo_server/Debug/echo_server.elf
----------------End of Script----------------

15:06:53 INFO  : Context for processor 'microblaze_0' is selected.
15:06:53 INFO  : 'con' command is executed.
15:06:53 INFO  : ----------------XSDB Script (After Launch)----------------
targets -set -nocase -filter {name =~ "microblaze*#0" && bscan=="USER2"  && jtag_cable_name =~ "Digilent Nexys4DDR 210292646051A"} -index 0
con
----------------End of Script----------------

15:06:53 INFO  : Disconnected from the channel tcfchan#13.
15:11:23 INFO  : 'targets -set -filter {jtag_cable_name =~ "Digilent Nexys4DDR 210292646051A" && level==0} -index 0' command is executed.
15:11:23 INFO  : 'fpga -state' command is executed.
15:11:23 INFO  : Connected to target on host '127.0.0.1' and port '3121'.
15:11:23 INFO  : Jtag cable 'Digilent Nexys4DDR 210292646051A' is selected.
15:11:23 INFO  : 'jtag frequency' command is executed.
15:11:23 INFO  : 'configparams mdm-detect-bscan-mask 2' command is executed.
15:11:23 INFO  : Context for processor 'microblaze_0' is selected.
15:11:23 INFO  : Processor reset is completed for 'microblaze_0'.
15:11:23 INFO  : Context for processor 'microblaze_0' is selected.
15:11:24 INFO  : The application 'C:/Users/zoubakin/warmup_group/warmup_group.sdk/echo_server/Debug/echo_server.elf' is downloaded to processor 'microblaze_0'.
15:11:24 INFO  : ----------------XSDB Script----------------
connect -url tcp:127.0.0.1:3121
configparams mdm-detect-bscan-mask 2
targets -set -nocase -filter {name =~ "microblaze*#0" && bscan=="USER2"  && jtag_cable_name =~ "Digilent Nexys4DDR 210292646051A"} -index 0
rst -processor
targets -set -nocase -filter {name =~ "microblaze*#0" && bscan=="USER2"  && jtag_cable_name =~ "Digilent Nexys4DDR 210292646051A"} -index 0
dow C:/Users/zoubakin/warmup_group/warmup_group.sdk/echo_server/Debug/echo_server.elf
----------------End of Script----------------

15:11:24 INFO  : Context for processor 'microblaze_0' is selected.
15:11:24 INFO  : 'con' command is executed.
15:11:24 INFO  : ----------------XSDB Script (After Launch)----------------
targets -set -nocase -filter {name =~ "microblaze*#0" && bscan=="USER2"  && jtag_cable_name =~ "Digilent Nexys4DDR 210292646051A"} -index 0
con
----------------End of Script----------------

15:11:24 INFO  : Disconnected from the channel tcfchan#14.
15:12:21 INFO  : 'targets -set -filter {jtag_cable_name =~ "Digilent Nexys4DDR 210292646051A" && level==0} -index 0' command is executed.
15:12:21 INFO  : 'fpga -state' command is executed.
15:12:21 INFO  : Connected to target on host '127.0.0.1' and port '3121'.
15:12:21 INFO  : Jtag cable 'Digilent Nexys4DDR 210292646051A' is selected.
15:12:21 INFO  : 'jtag frequency' command is executed.
15:12:21 INFO  : 'configparams mdm-detect-bscan-mask 2' command is executed.
15:12:21 INFO  : Context for processor 'microblaze_0' is selected.
15:12:21 INFO  : Processor reset is completed for 'microblaze_0'.
15:12:21 INFO  : Context for processor 'microblaze_0' is selected.
15:12:22 INFO  : The application 'C:/Users/zoubakin/warmup_group/warmup_group.sdk/echo_server/Debug/echo_server.elf' is downloaded to processor 'microblaze_0'.
15:12:22 INFO  : ----------------XSDB Script----------------
connect -url tcp:127.0.0.1:3121
configparams mdm-detect-bscan-mask 2
targets -set -nocase -filter {name =~ "microblaze*#0" && bscan=="USER2"  && jtag_cable_name =~ "Digilent Nexys4DDR 210292646051A"} -index 0
rst -processor
targets -set -nocase -filter {name =~ "microblaze*#0" && bscan=="USER2"  && jtag_cable_name =~ "Digilent Nexys4DDR 210292646051A"} -index 0
dow C:/Users/zoubakin/warmup_group/warmup_group.sdk/echo_server/Debug/echo_server.elf
----------------End of Script----------------

15:12:22 INFO  : Context for processor 'microblaze_0' is selected.
15:12:22 INFO  : 'con' command is executed.
15:12:22 INFO  : ----------------XSDB Script (After Launch)----------------
targets -set -nocase -filter {name =~ "microblaze*#0" && bscan=="USER2"  && jtag_cable_name =~ "Digilent Nexys4DDR 210292646051A"} -index 0
con
----------------End of Script----------------

15:12:22 INFO  : Disconnected from the channel tcfchan#15.
15:14:33 INFO  : 'targets -set -filter {jtag_cable_name =~ "Digilent Nexys4DDR 210292646051A" && level==0} -index 0' command is executed.
15:14:33 INFO  : 'fpga -state' command is executed.
15:14:33 INFO  : Connected to target on host '127.0.0.1' and port '3121'.
15:14:33 INFO  : Jtag cable 'Digilent Nexys4DDR 210292646051A' is selected.
15:14:33 INFO  : 'jtag frequency' command is executed.
15:14:33 INFO  : 'configparams mdm-detect-bscan-mask 2' command is executed.
15:14:33 INFO  : Context for processor 'microblaze_0' is selected.
15:14:33 INFO  : Processor reset is completed for 'microblaze_0'.
15:14:33 INFO  : Context for processor 'microblaze_0' is selected.
15:14:34 INFO  : The application 'C:/Users/zoubakin/warmup_group/warmup_group.sdk/echo_server/Debug/echo_server.elf' is downloaded to processor 'microblaze_0'.
15:14:34 INFO  : ----------------XSDB Script----------------
connect -url tcp:127.0.0.1:3121
configparams mdm-detect-bscan-mask 2
targets -set -nocase -filter {name =~ "microblaze*#0" && bscan=="USER2"  && jtag_cable_name =~ "Digilent Nexys4DDR 210292646051A"} -index 0
rst -processor
targets -set -nocase -filter {name =~ "microblaze*#0" && bscan=="USER2"  && jtag_cable_name =~ "Digilent Nexys4DDR 210292646051A"} -index 0
dow C:/Users/zoubakin/warmup_group/warmup_group.sdk/echo_server/Debug/echo_server.elf
----------------End of Script----------------

15:14:34 INFO  : Context for processor 'microblaze_0' is selected.
15:14:34 INFO  : 'con' command is executed.
15:14:34 INFO  : ----------------XSDB Script (After Launch)----------------
targets -set -nocase -filter {name =~ "microblaze*#0" && bscan=="USER2"  && jtag_cable_name =~ "Digilent Nexys4DDR 210292646051A"} -index 0
con
----------------End of Script----------------

15:14:34 INFO  : Disconnected from the channel tcfchan#16.
15:15:37 INFO  : 'targets -set -filter {jtag_cable_name =~ "Digilent Nexys4DDR 210292646051A" && level==0} -index 0' command is executed.
15:15:37 INFO  : 'fpga -state' command is executed.
15:15:37 INFO  : Connected to target on host '127.0.0.1' and port '3121'.
15:15:37 INFO  : Jtag cable 'Digilent Nexys4DDR 210292646051A' is selected.
15:15:37 INFO  : 'jtag frequency' command is executed.
15:15:37 INFO  : 'configparams mdm-detect-bscan-mask 2' command is executed.
15:15:37 INFO  : Context for processor 'microblaze_0' is selected.
15:15:37 INFO  : Processor reset is completed for 'microblaze_0'.
15:15:37 INFO  : Context for processor 'microblaze_0' is selected.
15:15:38 INFO  : The application 'C:/Users/zoubakin/warmup_group/warmup_group.sdk/echo_server/Debug/echo_server.elf' is downloaded to processor 'microblaze_0'.
15:15:38 INFO  : ----------------XSDB Script----------------
connect -url tcp:127.0.0.1:3121
configparams mdm-detect-bscan-mask 2
targets -set -nocase -filter {name =~ "microblaze*#0" && bscan=="USER2"  && jtag_cable_name =~ "Digilent Nexys4DDR 210292646051A"} -index 0
rst -processor
targets -set -nocase -filter {name =~ "microblaze*#0" && bscan=="USER2"  && jtag_cable_name =~ "Digilent Nexys4DDR 210292646051A"} -index 0
dow C:/Users/zoubakin/warmup_group/warmup_group.sdk/echo_server/Debug/echo_server.elf
----------------End of Script----------------

15:15:38 INFO  : Context for processor 'microblaze_0' is selected.
15:15:38 INFO  : 'con' command is executed.
15:15:38 INFO  : ----------------XSDB Script (After Launch)----------------
targets -set -nocase -filter {name =~ "microblaze*#0" && bscan=="USER2"  && jtag_cable_name =~ "Digilent Nexys4DDR 210292646051A"} -index 0
con
----------------End of Script----------------

15:15:38 INFO  : Disconnected from the channel tcfchan#17.
15:16:49 INFO  : 'targets -set -filter {jtag_cable_name =~ "Digilent Nexys4DDR 210292646051A" && level==0} -index 0' command is executed.
15:16:49 INFO  : 'fpga -state' command is executed.
15:16:49 INFO  : Connected to target on host '127.0.0.1' and port '3121'.
15:16:50 INFO  : Jtag cable 'Digilent Nexys4DDR 210292646051A' is selected.
15:16:50 INFO  : 'jtag frequency' command is executed.
15:16:50 INFO  : 'configparams mdm-detect-bscan-mask 2' command is executed.
15:16:50 INFO  : Context for processor 'microblaze_0' is selected.
15:16:50 INFO  : Processor reset is completed for 'microblaze_0'.
15:16:50 INFO  : Context for processor 'microblaze_0' is selected.
15:16:50 INFO  : The application 'C:/Users/zoubakin/warmup_group/warmup_group.sdk/echo_server/Debug/echo_server.elf' is downloaded to processor 'microblaze_0'.
15:16:50 INFO  : ----------------XSDB Script----------------
connect -url tcp:127.0.0.1:3121
configparams mdm-detect-bscan-mask 2
targets -set -nocase -filter {name =~ "microblaze*#0" && bscan=="USER2"  && jtag_cable_name =~ "Digilent Nexys4DDR 210292646051A"} -index 0
rst -processor
targets -set -nocase -filter {name =~ "microblaze*#0" && bscan=="USER2"  && jtag_cable_name =~ "Digilent Nexys4DDR 210292646051A"} -index 0
dow C:/Users/zoubakin/warmup_group/warmup_group.sdk/echo_server/Debug/echo_server.elf
----------------End of Script----------------

15:16:50 INFO  : Context for processor 'microblaze_0' is selected.
15:16:50 INFO  : 'con' command is executed.
15:16:50 INFO  : ----------------XSDB Script (After Launch)----------------
targets -set -nocase -filter {name =~ "microblaze*#0" && bscan=="USER2"  && jtag_cable_name =~ "Digilent Nexys4DDR 210292646051A"} -index 0
con
----------------End of Script----------------

15:16:50 INFO  : Disconnected from the channel tcfchan#18.
15:17:28 INFO  : 'targets -set -filter {jtag_cable_name =~ "Digilent Nexys4DDR 210292646051A" && level==0} -index 0' command is executed.
15:17:28 INFO  : 'fpga -state' command is executed.
15:17:28 INFO  : Connected to target on host '127.0.0.1' and port '3121'.
15:17:29 INFO  : Jtag cable 'Digilent Nexys4DDR 210292646051A' is selected.
15:17:29 INFO  : 'jtag frequency' command is executed.
15:17:29 INFO  : 'configparams mdm-detect-bscan-mask 2' command is executed.
15:17:29 INFO  : Context for processor 'microblaze_0' is selected.
15:17:29 INFO  : Processor reset is completed for 'microblaze_0'.
15:17:29 INFO  : Context for processor 'microblaze_0' is selected.
15:17:29 INFO  : The application 'C:/Users/zoubakin/warmup_group/warmup_group.sdk/echo_server/Debug/echo_server.elf' is downloaded to processor 'microblaze_0'.
15:17:29 INFO  : ----------------XSDB Script----------------
connect -url tcp:127.0.0.1:3121
configparams mdm-detect-bscan-mask 2
targets -set -nocase -filter {name =~ "microblaze*#0" && bscan=="USER2"  && jtag_cable_name =~ "Digilent Nexys4DDR 210292646051A"} -index 0
rst -processor
targets -set -nocase -filter {name =~ "microblaze*#0" && bscan=="USER2"  && jtag_cable_name =~ "Digilent Nexys4DDR 210292646051A"} -index 0
dow C:/Users/zoubakin/warmup_group/warmup_group.sdk/echo_server/Debug/echo_server.elf
----------------End of Script----------------

15:17:29 INFO  : Context for processor 'microblaze_0' is selected.
15:17:29 INFO  : 'con' command is executed.
15:17:29 INFO  : ----------------XSDB Script (After Launch)----------------
targets -set -nocase -filter {name =~ "microblaze*#0" && bscan=="USER2"  && jtag_cable_name =~ "Digilent Nexys4DDR 210292646051A"} -index 0
con
----------------End of Script----------------

15:17:29 INFO  : Disconnected from the channel tcfchan#19.
15:18:47 INFO  : 'targets -set -filter {jtag_cable_name =~ "Digilent Nexys4DDR 210292646051A" && level==0} -index 0' command is executed.
15:18:47 INFO  : 'fpga -state' command is executed.
15:18:47 INFO  : Connected to target on host '127.0.0.1' and port '3121'.
15:18:47 INFO  : Jtag cable 'Digilent Nexys4DDR 210292646051A' is selected.
15:18:47 INFO  : 'jtag frequency' command is executed.
15:18:47 INFO  : 'configparams mdm-detect-bscan-mask 2' command is executed.
15:18:47 INFO  : Context for processor 'microblaze_0' is selected.
15:18:48 INFO  : Processor reset is completed for 'microblaze_0'.
15:18:48 INFO  : Context for processor 'microblaze_0' is selected.
15:18:48 INFO  : The application 'C:/Users/zoubakin/warmup_group/warmup_group.sdk/echo_server/Debug/echo_server.elf' is downloaded to processor 'microblaze_0'.
15:18:48 INFO  : ----------------XSDB Script----------------
connect -url tcp:127.0.0.1:3121
configparams mdm-detect-bscan-mask 2
targets -set -nocase -filter {name =~ "microblaze*#0" && bscan=="USER2"  && jtag_cable_name =~ "Digilent Nexys4DDR 210292646051A"} -index 0
rst -processor
targets -set -nocase -filter {name =~ "microblaze*#0" && bscan=="USER2"  && jtag_cable_name =~ "Digilent Nexys4DDR 210292646051A"} -index 0
dow C:/Users/zoubakin/warmup_group/warmup_group.sdk/echo_server/Debug/echo_server.elf
----------------End of Script----------------

15:18:48 INFO  : Context for processor 'microblaze_0' is selected.
15:18:48 INFO  : 'con' command is executed.
15:18:48 INFO  : ----------------XSDB Script (After Launch)----------------
targets -set -nocase -filter {name =~ "microblaze*#0" && bscan=="USER2"  && jtag_cable_name =~ "Digilent Nexys4DDR 210292646051A"} -index 0
con
----------------End of Script----------------

15:18:48 INFO  : Disconnected from the channel tcfchan#20.
15:19:22 INFO  : 'targets -set -filter {jtag_cable_name =~ "Digilent Nexys4DDR 210292646051A" && level==0} -index 0' command is executed.
15:19:22 INFO  : 'fpga -state' command is executed.
15:19:22 INFO  : Connected to target on host '127.0.0.1' and port '3121'.
15:19:22 INFO  : Jtag cable 'Digilent Nexys4DDR 210292646051A' is selected.
15:19:22 INFO  : 'jtag frequency' command is executed.
15:19:22 INFO  : 'configparams mdm-detect-bscan-mask 2' command is executed.
15:19:22 INFO  : Context for processor 'microblaze_0' is selected.
15:19:22 INFO  : Processor reset is completed for 'microblaze_0'.
15:19:22 INFO  : Context for processor 'microblaze_0' is selected.
15:19:22 INFO  : The application 'C:/Users/zoubakin/warmup_group/warmup_group.sdk/echo_server/Debug/echo_server.elf' is downloaded to processor 'microblaze_0'.
15:19:22 INFO  : ----------------XSDB Script----------------
connect -url tcp:127.0.0.1:3121
configparams mdm-detect-bscan-mask 2
targets -set -nocase -filter {name =~ "microblaze*#0" && bscan=="USER2"  && jtag_cable_name =~ "Digilent Nexys4DDR 210292646051A"} -index 0
rst -processor
targets -set -nocase -filter {name =~ "microblaze*#0" && bscan=="USER2"  && jtag_cable_name =~ "Digilent Nexys4DDR 210292646051A"} -index 0
dow C:/Users/zoubakin/warmup_group/warmup_group.sdk/echo_server/Debug/echo_server.elf
----------------End of Script----------------

15:19:23 INFO  : Context for processor 'microblaze_0' is selected.
15:19:23 INFO  : 'con' command is executed.
15:19:23 INFO  : ----------------XSDB Script (After Launch)----------------
targets -set -nocase -filter {name =~ "microblaze*#0" && bscan=="USER2"  && jtag_cable_name =~ "Digilent Nexys4DDR 210292646051A"} -index 0
con
----------------End of Script----------------

15:19:23 INFO  : Disconnected from the channel tcfchan#21.
15:21:01 INFO  : 'targets -set -filter {jtag_cable_name =~ "Digilent Nexys4DDR 210292646051A" && level==0} -index 0' command is executed.
15:21:01 INFO  : 'fpga -state' command is executed.
15:21:01 INFO  : Connected to target on host '127.0.0.1' and port '3121'.
15:21:01 INFO  : Jtag cable 'Digilent Nexys4DDR 210292646051A' is selected.
15:21:01 INFO  : 'jtag frequency' command is executed.
15:21:01 INFO  : 'configparams mdm-detect-bscan-mask 2' command is executed.
15:21:01 INFO  : Context for processor 'microblaze_0' is selected.
15:21:01 INFO  : Processor reset is completed for 'microblaze_0'.
15:21:01 INFO  : Context for processor 'microblaze_0' is selected.
15:21:01 INFO  : The application 'C:/Users/zoubakin/warmup_group/warmup_group.sdk/echo_server/Debug/echo_server.elf' is downloaded to processor 'microblaze_0'.
15:21:01 INFO  : ----------------XSDB Script----------------
connect -url tcp:127.0.0.1:3121
configparams mdm-detect-bscan-mask 2
targets -set -nocase -filter {name =~ "microblaze*#0" && bscan=="USER2"  && jtag_cable_name =~ "Digilent Nexys4DDR 210292646051A"} -index 0
rst -processor
targets -set -nocase -filter {name =~ "microblaze*#0" && bscan=="USER2"  && jtag_cable_name =~ "Digilent Nexys4DDR 210292646051A"} -index 0
dow C:/Users/zoubakin/warmup_group/warmup_group.sdk/echo_server/Debug/echo_server.elf
----------------End of Script----------------

15:21:02 INFO  : Context for processor 'microblaze_0' is selected.
15:21:02 INFO  : 'con' command is executed.
15:21:02 INFO  : ----------------XSDB Script (After Launch)----------------
targets -set -nocase -filter {name =~ "microblaze*#0" && bscan=="USER2"  && jtag_cable_name =~ "Digilent Nexys4DDR 210292646051A"} -index 0
con
----------------End of Script----------------

15:21:02 INFO  : Disconnected from the channel tcfchan#22.
15:21:39 INFO  : 'targets -set -filter {jtag_cable_name =~ "Digilent Nexys4DDR 210292646051A" && level==0} -index 0' command is executed.
15:21:39 INFO  : 'fpga -state' command is executed.
15:21:39 INFO  : Connected to target on host '127.0.0.1' and port '3121'.
15:21:39 INFO  : Jtag cable 'Digilent Nexys4DDR 210292646051A' is selected.
15:21:39 INFO  : 'jtag frequency' command is executed.
15:21:39 INFO  : 'configparams mdm-detect-bscan-mask 2' command is executed.
15:21:40 INFO  : Context for processor 'microblaze_0' is selected.
15:21:40 INFO  : Processor reset is completed for 'microblaze_0'.
15:21:40 INFO  : Context for processor 'microblaze_0' is selected.
15:21:40 INFO  : The application 'C:/Users/zoubakin/warmup_group/warmup_group.sdk/echo_server/Debug/echo_server.elf' is downloaded to processor 'microblaze_0'.
15:21:40 INFO  : ----------------XSDB Script----------------
connect -url tcp:127.0.0.1:3121
configparams mdm-detect-bscan-mask 2
targets -set -nocase -filter {name =~ "microblaze*#0" && bscan=="USER2"  && jtag_cable_name =~ "Digilent Nexys4DDR 210292646051A"} -index 0
rst -processor
targets -set -nocase -filter {name =~ "microblaze*#0" && bscan=="USER2"  && jtag_cable_name =~ "Digilent Nexys4DDR 210292646051A"} -index 0
dow C:/Users/zoubakin/warmup_group/warmup_group.sdk/echo_server/Debug/echo_server.elf
----------------End of Script----------------

15:21:40 INFO  : Context for processor 'microblaze_0' is selected.
15:21:40 INFO  : 'con' command is executed.
15:21:40 INFO  : ----------------XSDB Script (After Launch)----------------
targets -set -nocase -filter {name =~ "microblaze*#0" && bscan=="USER2"  && jtag_cable_name =~ "Digilent Nexys4DDR 210292646051A"} -index 0
con
----------------End of Script----------------

15:21:40 INFO  : Disconnected from the channel tcfchan#23.
15:22:36 INFO  : 'targets -set -filter {jtag_cable_name =~ "Digilent Nexys4DDR 210292646051A" && level==0} -index 0' command is executed.
15:22:36 INFO  : 'fpga -state' command is executed.
15:22:36 INFO  : Connected to target on host '127.0.0.1' and port '3121'.
15:22:36 INFO  : Jtag cable 'Digilent Nexys4DDR 210292646051A' is selected.
15:22:36 INFO  : 'jtag frequency' command is executed.
15:22:36 INFO  : 'configparams mdm-detect-bscan-mask 2' command is executed.
15:22:36 INFO  : Context for processor 'microblaze_0' is selected.
15:22:36 INFO  : Processor reset is completed for 'microblaze_0'.
15:22:36 INFO  : Context for processor 'microblaze_0' is selected.
15:22:36 INFO  : The application 'C:/Users/zoubakin/warmup_group/warmup_group.sdk/echo_server/Debug/echo_server.elf' is downloaded to processor 'microblaze_0'.
15:22:36 INFO  : ----------------XSDB Script----------------
connect -url tcp:127.0.0.1:3121
configparams mdm-detect-bscan-mask 2
targets -set -nocase -filter {name =~ "microblaze*#0" && bscan=="USER2"  && jtag_cable_name =~ "Digilent Nexys4DDR 210292646051A"} -index 0
rst -processor
targets -set -nocase -filter {name =~ "microblaze*#0" && bscan=="USER2"  && jtag_cable_name =~ "Digilent Nexys4DDR 210292646051A"} -index 0
dow C:/Users/zoubakin/warmup_group/warmup_group.sdk/echo_server/Debug/echo_server.elf
----------------End of Script----------------

15:22:37 INFO  : Context for processor 'microblaze_0' is selected.
15:22:37 INFO  : 'con' command is executed.
15:22:37 INFO  : ----------------XSDB Script (After Launch)----------------
targets -set -nocase -filter {name =~ "microblaze*#0" && bscan=="USER2"  && jtag_cable_name =~ "Digilent Nexys4DDR 210292646051A"} -index 0
con
----------------End of Script----------------

15:22:37 INFO  : Disconnected from the channel tcfchan#24.
15:24:59 INFO  : 'targets -set -filter {jtag_cable_name =~ "Digilent Nexys4DDR 210292646051A" && level==0} -index 0' command is executed.
15:24:59 INFO  : 'fpga -state' command is executed.
15:24:59 INFO  : Connected to target on host '127.0.0.1' and port '3121'.
15:25:00 INFO  : Jtag cable 'Digilent Nexys4DDR 210292646051A' is selected.
15:25:00 INFO  : 'jtag frequency' command is executed.
15:25:00 INFO  : 'configparams mdm-detect-bscan-mask 2' command is executed.
15:25:00 INFO  : Context for processor 'microblaze_0' is selected.
15:25:00 INFO  : Processor reset is completed for 'microblaze_0'.
15:25:00 INFO  : Context for processor 'microblaze_0' is selected.
15:25:01 INFO  : The application 'C:/Users/zoubakin/warmup_group/warmup_group.sdk/echo_server/Debug/echo_server.elf' is downloaded to processor 'microblaze_0'.
15:25:01 INFO  : ----------------XSDB Script----------------
connect -url tcp:127.0.0.1:3121
configparams mdm-detect-bscan-mask 2
targets -set -nocase -filter {name =~ "microblaze*#0" && bscan=="USER2"  && jtag_cable_name =~ "Digilent Nexys4DDR 210292646051A"} -index 0
rst -processor
targets -set -nocase -filter {name =~ "microblaze*#0" && bscan=="USER2"  && jtag_cable_name =~ "Digilent Nexys4DDR 210292646051A"} -index 0
dow C:/Users/zoubakin/warmup_group/warmup_group.sdk/echo_server/Debug/echo_server.elf
----------------End of Script----------------

15:25:01 INFO  : Context for processor 'microblaze_0' is selected.
15:25:01 INFO  : 'con' command is executed.
15:25:01 INFO  : ----------------XSDB Script (After Launch)----------------
targets -set -nocase -filter {name =~ "microblaze*#0" && bscan=="USER2"  && jtag_cable_name =~ "Digilent Nexys4DDR 210292646051A"} -index 0
con
----------------End of Script----------------

15:25:01 INFO  : Disconnected from the channel tcfchan#25.
15:26:50 INFO  : 'targets -set -filter {jtag_cable_name =~ "Digilent Nexys4DDR 210292646051A" && level==0} -index 0' command is executed.
15:26:50 INFO  : 'fpga -state' command is executed.
15:26:50 INFO  : Connected to target on host '127.0.0.1' and port '3121'.
15:26:50 INFO  : Jtag cable 'Digilent Nexys4DDR 210292646051A' is selected.
15:26:50 INFO  : 'jtag frequency' command is executed.
15:26:50 INFO  : 'configparams mdm-detect-bscan-mask 2' command is executed.
15:26:50 INFO  : Context for processor 'microblaze_0' is selected.
15:26:50 INFO  : Processor reset is completed for 'microblaze_0'.
15:26:50 INFO  : Context for processor 'microblaze_0' is selected.
15:26:51 INFO  : The application 'C:/Users/zoubakin/warmup_group/warmup_group.sdk/echo_server/Debug/echo_server.elf' is downloaded to processor 'microblaze_0'.
15:26:51 INFO  : ----------------XSDB Script----------------
connect -url tcp:127.0.0.1:3121
configparams mdm-detect-bscan-mask 2
targets -set -nocase -filter {name =~ "microblaze*#0" && bscan=="USER2"  && jtag_cable_name =~ "Digilent Nexys4DDR 210292646051A"} -index 0
rst -processor
targets -set -nocase -filter {name =~ "microblaze*#0" && bscan=="USER2"  && jtag_cable_name =~ "Digilent Nexys4DDR 210292646051A"} -index 0
dow C:/Users/zoubakin/warmup_group/warmup_group.sdk/echo_server/Debug/echo_server.elf
----------------End of Script----------------

15:26:51 INFO  : Context for processor 'microblaze_0' is selected.
15:26:51 INFO  : 'con' command is executed.
15:26:51 INFO  : ----------------XSDB Script (After Launch)----------------
targets -set -nocase -filter {name =~ "microblaze*#0" && bscan=="USER2"  && jtag_cable_name =~ "Digilent Nexys4DDR 210292646051A"} -index 0
con
----------------End of Script----------------

15:26:51 INFO  : Disconnected from the channel tcfchan#26.
23:15:55 INFO  : Registering command handlers for SDK TCF services
23:15:56 INFO  : Launching XSCT server: xsct.bat -interactive C:\Users\zoubakin\warmup_group\warmup_group.sdk\temp_xsdb_launch_script.tcl
23:15:58 INFO  : XSCT server has started successfully.
23:15:58 INFO  : Successfully done setting XSCT server connection channel  
23:15:58 INFO  : Successfully done setting SDK workspace  
23:15:58 INFO  : Processing command line option -hwspec C:/Users/zoubakin/warmup_group/warmup_group.sdk/wp_bd_wrapper.hdf.
23:15:58 INFO  : Checking for hwspec changes in the project wp_bd_wrapper_hw_platform_1.
23:16:37 INFO  : Connected to target on host '127.0.0.1' and port '3121'.
23:16:37 INFO  : Jtag cable 'Digilent Nexys4DDR 210292646051A' is selected.
23:16:37 INFO  : 'jtag frequency' command is executed.
23:16:37 INFO  : 'targets -set -filter {jtag_cable_name =~ "Digilent Nexys4DDR 210292646051A" && level==0} -index 0' command is executed.
23:16:39 INFO  : FPGA configured successfully with bitstream "C:/Users/zoubakin/warmup_group/warmup_group.sdk/wp_bd_wrapper_hw_platform_0/download.bit"
23:16:39 INFO  : 'configparams mdm-detect-bscan-mask 2' command is executed.
23:16:40 INFO  : Context for processor 'microblaze_0' is selected.
23:16:40 INFO  : Processor reset is completed for 'microblaze_0'.
23:16:40 INFO  : Context for processor 'microblaze_0' is selected.
23:16:41 INFO  : The application 'C:/Users/zoubakin/warmup_group/warmup_group.sdk/echo_server/Debug/echo_server.elf' is downloaded to processor 'microblaze_0'.
23:16:41 INFO  : ----------------XSDB Script----------------
connect -url tcp:127.0.0.1:3121
targets -set -filter {jtag_cable_name =~ "Digilent Nexys4DDR 210292646051A" && level==0} -index 0
fpga -file C:/Users/zoubakin/warmup_group/warmup_group.sdk/wp_bd_wrapper_hw_platform_0/download.bit
configparams mdm-detect-bscan-mask 2
targets -set -nocase -filter {name =~ "microblaze*#0" && bscan=="USER2"  && jtag_cable_name =~ "Digilent Nexys4DDR 210292646051A"} -index 0
rst -processor
targets -set -nocase -filter {name =~ "microblaze*#0" && bscan=="USER2"  && jtag_cable_name =~ "Digilent Nexys4DDR 210292646051A"} -index 0
dow C:/Users/zoubakin/warmup_group/warmup_group.sdk/echo_server/Debug/echo_server.elf
----------------End of Script----------------

23:16:41 INFO  : Context for processor 'microblaze_0' is selected.
23:16:41 INFO  : 'con' command is executed.
23:16:41 INFO  : ----------------XSDB Script (After Launch)----------------
targets -set -nocase -filter {name =~ "microblaze*#0" && bscan=="USER2"  && jtag_cable_name =~ "Digilent Nexys4DDR 210292646051A"} -index 0
con
----------------End of Script----------------

23:16:41 INFO  : Disconnected from the channel tcfchan#1.
23:18:13 INFO  : Connected to target on host '127.0.0.1' and port '3121'.
23:18:13 INFO  : Jtag cable 'Digilent Nexys4DDR 210292646051A' is selected.
23:18:13 INFO  : 'jtag frequency' command is executed.
23:18:13 INFO  : 'targets -set -filter {jtag_cable_name =~ "Digilent Nexys4DDR 210292646051A" && level==0} -index 0' command is executed.
23:18:16 INFO  : FPGA configured successfully with bitstream "C:/Users/zoubakin/warmup_group/warmup_group.sdk/wp_bd_wrapper_hw_platform_0/download.bit"
23:18:16 INFO  : 'configparams mdm-detect-bscan-mask 2' command is executed.
23:18:16 INFO  : Context for processor 'microblaze_0' is selected.
23:18:16 INFO  : Processor reset is completed for 'microblaze_0'.
23:18:16 INFO  : Context for processor 'microblaze_0' is selected.
23:18:17 INFO  : The application 'C:/Users/zoubakin/warmup_group/warmup_group.sdk/echo_server/Debug/echo_server.elf' is downloaded to processor 'microblaze_0'.
23:18:17 INFO  : ----------------XSDB Script----------------
connect -url tcp:127.0.0.1:3121
targets -set -filter {jtag_cable_name =~ "Digilent Nexys4DDR 210292646051A" && level==0} -index 0
fpga -file C:/Users/zoubakin/warmup_group/warmup_group.sdk/wp_bd_wrapper_hw_platform_0/download.bit
configparams mdm-detect-bscan-mask 2
targets -set -nocase -filter {name =~ "microblaze*#0" && bscan=="USER2"  && jtag_cable_name =~ "Digilent Nexys4DDR 210292646051A"} -index 0
rst -processor
targets -set -nocase -filter {name =~ "microblaze*#0" && bscan=="USER2"  && jtag_cable_name =~ "Digilent Nexys4DDR 210292646051A"} -index 0
dow C:/Users/zoubakin/warmup_group/warmup_group.sdk/echo_server/Debug/echo_server.elf
----------------End of Script----------------

23:18:17 INFO  : Context for processor 'microblaze_0' is selected.
23:18:17 INFO  : 'con' command is executed.
23:18:17 INFO  : ----------------XSDB Script (After Launch)----------------
targets -set -nocase -filter {name =~ "microblaze*#0" && bscan=="USER2"  && jtag_cable_name =~ "Digilent Nexys4DDR 210292646051A"} -index 0
con
----------------End of Script----------------

23:18:17 INFO  : Disconnected from the channel tcfchan#2.
23:19:55 INFO  : Connected to target on host '127.0.0.1' and port '3121'.
23:19:56 INFO  : Jtag cable 'Digilent Nexys4DDR 210292646051A' is selected.
23:19:56 INFO  : 'jtag frequency' command is executed.
23:19:56 INFO  : 'targets -set -filter {jtag_cable_name =~ "Digilent Nexys4DDR 210292646051A" && level==0} -index 0' command is executed.
23:19:58 INFO  : FPGA configured successfully with bitstream "C:/Users/zoubakin/warmup_group/warmup_group.sdk/wp_bd_wrapper_hw_platform_0/download.bit"
23:19:58 INFO  : 'configparams mdm-detect-bscan-mask 2' command is executed.
23:19:58 INFO  : Context for processor 'microblaze_0' is selected.
23:19:58 INFO  : Processor reset is completed for 'microblaze_0'.
23:19:58 INFO  : Context for processor 'microblaze_0' is selected.
23:19:59 INFO  : The application 'C:/Users/zoubakin/warmup_group/warmup_group.sdk/echo_server/Debug/echo_server.elf' is downloaded to processor 'microblaze_0'.
23:19:59 INFO  : ----------------XSDB Script----------------
connect -url tcp:127.0.0.1:3121
targets -set -filter {jtag_cable_name =~ "Digilent Nexys4DDR 210292646051A" && level==0} -index 0
fpga -file C:/Users/zoubakin/warmup_group/warmup_group.sdk/wp_bd_wrapper_hw_platform_0/download.bit
configparams mdm-detect-bscan-mask 2
targets -set -nocase -filter {name =~ "microblaze*#0" && bscan=="USER2"  && jtag_cable_name =~ "Digilent Nexys4DDR 210292646051A"} -index 0
rst -processor
targets -set -nocase -filter {name =~ "microblaze*#0" && bscan=="USER2"  && jtag_cable_name =~ "Digilent Nexys4DDR 210292646051A"} -index 0
dow C:/Users/zoubakin/warmup_group/warmup_group.sdk/echo_server/Debug/echo_server.elf
----------------End of Script----------------

23:19:59 INFO  : Context for processor 'microblaze_0' is selected.
23:19:59 INFO  : 'con' command is executed.
23:19:59 INFO  : ----------------XSDB Script (After Launch)----------------
targets -set -nocase -filter {name =~ "microblaze*#0" && bscan=="USER2"  && jtag_cable_name =~ "Digilent Nexys4DDR 210292646051A"} -index 0
con
----------------End of Script----------------

23:19:59 INFO  : Disconnected from the channel tcfchan#3.
23:26:10 INFO  : 'targets -set -filter {jtag_cable_name =~ "Digilent Nexys4DDR 210292646051A" && level==0} -index 0' command is executed.
23:26:10 INFO  : 'fpga -state' command is executed.
23:26:10 INFO  : Connected to target on host '127.0.0.1' and port '3121'.
23:26:10 INFO  : Jtag cable 'Digilent Nexys4DDR 210292646051A' is selected.
23:26:10 INFO  : 'jtag frequency' command is executed.
23:26:10 INFO  : 'configparams mdm-detect-bscan-mask 2' command is executed.
23:26:10 INFO  : Context for processor 'microblaze_0' is selected.
23:26:10 INFO  : Processor reset is completed for 'microblaze_0'.
23:26:10 INFO  : Context for processor 'microblaze_0' is selected.
23:26:11 INFO  : The application 'C:/Users/zoubakin/warmup_group/warmup_group.sdk/echo_server/Debug/echo_server.elf' is downloaded to processor 'microblaze_0'.
23:26:11 INFO  : ----------------XSDB Script----------------
connect -url tcp:127.0.0.1:3121
configparams mdm-detect-bscan-mask 2
targets -set -nocase -filter {name =~ "microblaze*#0" && bscan=="USER2"  && jtag_cable_name =~ "Digilent Nexys4DDR 210292646051A"} -index 0
rst -processor
targets -set -nocase -filter {name =~ "microblaze*#0" && bscan=="USER2"  && jtag_cable_name =~ "Digilent Nexys4DDR 210292646051A"} -index 0
dow C:/Users/zoubakin/warmup_group/warmup_group.sdk/echo_server/Debug/echo_server.elf
----------------End of Script----------------

23:26:11 INFO  : Context for processor 'microblaze_0' is selected.
23:26:11 INFO  : 'con' command is executed.
23:26:11 INFO  : ----------------XSDB Script (After Launch)----------------
targets -set -nocase -filter {name =~ "microblaze*#0" && bscan=="USER2"  && jtag_cable_name =~ "Digilent Nexys4DDR 210292646051A"} -index 0
con
----------------End of Script----------------

23:26:11 INFO  : Disconnected from the channel tcfchan#4.
23:27:54 INFO  : Registering command handlers for SDK TCF services
23:27:54 INFO  : Launching XSCT server: xsct.bat -interactive C:\Users\zoubakin\warmup_group\warmup_group.sdk\temp_xsdb_launch_script.tcl
23:27:56 INFO  : XSCT server has started successfully.
23:27:56 INFO  : Successfully done setting XSCT server connection channel  
23:27:57 INFO  : Successfully done setting SDK workspace  
23:27:57 INFO  : Processing command line option -hwspec C:/Users/zoubakin/warmup_group/warmup_group.sdk/wp_bd_wrapper.hdf.
23:27:57 INFO  : Checking for hwspec changes in the project wp_bd_wrapper_hw_platform_1.
23:28:14 INFO  : 'targets -set -filter {jtag_cable_name =~ "Digilent Nexys4DDR 210292646051A" && level==0} -index 0' command is executed.
23:28:14 INFO  : 'fpga -state' command is executed.
23:28:14 INFO  : Connected to target on host '127.0.0.1' and port '3121'.
23:28:14 INFO  : Jtag cable 'Digilent Nexys4DDR 210292646051A' is selected.
23:28:14 INFO  : 'jtag frequency' command is executed.
23:28:14 INFO  : 'configparams mdm-detect-bscan-mask 2' command is executed.
23:28:14 INFO  : Context for processor 'microblaze_0' is selected.
23:28:14 INFO  : Processor reset is completed for 'microblaze_0'.
23:28:14 INFO  : Context for processor 'microblaze_0' is selected.
23:28:14 INFO  : The application 'C:/Users/zoubakin/warmup_group/warmup_group.sdk/echo_server/Debug/echo_server.elf' is downloaded to processor 'microblaze_0'.
23:28:14 INFO  : ----------------XSDB Script----------------
connect -url tcp:127.0.0.1:3121
configparams mdm-detect-bscan-mask 2
targets -set -nocase -filter {name =~ "microblaze*#0" && bscan=="USER2"  && jtag_cable_name =~ "Digilent Nexys4DDR 210292646051A"} -index 0
rst -processor
targets -set -nocase -filter {name =~ "microblaze*#0" && bscan=="USER2"  && jtag_cable_name =~ "Digilent Nexys4DDR 210292646051A"} -index 0
dow C:/Users/zoubakin/warmup_group/warmup_group.sdk/echo_server/Debug/echo_server.elf
----------------End of Script----------------

23:28:14 INFO  : Context for processor 'microblaze_0' is selected.
23:28:15 INFO  : 'con' command is executed.
23:28:15 INFO  : ----------------XSDB Script (After Launch)----------------
targets -set -nocase -filter {name =~ "microblaze*#0" && bscan=="USER2"  && jtag_cable_name =~ "Digilent Nexys4DDR 210292646051A"} -index 0
con
----------------End of Script----------------

23:28:15 INFO  : Disconnected from the channel tcfchan#1.
