Copyright 1986-2016 Xilinx, Inc. All Rights Reserved.
------------------------------------------------------------------------------------
| Tool Version : Vivado v.2016.4 (win64) Build 1756540 Mon Jan 23 19:11:23 MST 2017
| Date         : Wed Mar 30 09:30:13 2022
| Host         : Waqfenau313c running 64-bit major release  (build 9200)
| Command      : upgrade_ip
| Device       : xc7a200tsbg484-1
------------------------------------------------------------------------------------

Upgrade Log for IP 'hdmi_emptyaxi_1_0'

1. Summary
----------

CAUTION (success, with warnings) in the upgrade of hdmi_emptyaxi_1_0 (xilinx.com:user:emptyaxi:1.0) from (Rev. 16) to (Rev. 17)

After upgrade, an IP may have parameter and port differences compared to the original customization. Please review the parameters within the IP customization GUI to ensure proper functionality. Also, please review the updated IP instantiation template to ensure proper connectivity, and update your design if required.

2. Connection Warnings
----------------------

Detected external port differences while upgrading 'hdmi_emptyaxi_1_0'. These changes may impact your design.


-Upgrade has added port 'l_e_d'







Copyright 1986-2016 Xilinx, Inc. All Rights Reserved.
------------------------------------------------------------------------------------
| Tool Version : Vivado v.2016.4 (win64) Build 1756540 Mon Jan 23 19:11:23 MST 2017
| Date         : Wed Mar 23 09:04:55 2022
| Host         : Waqfenau313c running 64-bit major release  (build 9200)
| Command      : upgrade_ip
| Device       : xc7a200tsbg484-1
------------------------------------------------------------------------------------

Upgrade Log for IP 'hdmi_emptyaxi_1_0'

1. Summary
----------

CAUTION (success, with warnings) in the upgrade of hdmi_emptyaxi_1_0 (xilinx.com:user:emptyaxi:1.0) from (Rev. 15) to (Rev. 16)

After upgrade, an IP may have parameter and port differences compared to the original customization. Please review the parameters within the IP customization GUI to ensure proper functionality. Also, please review the updated IP instantiation template to ensure proper connectivity, and update your design if required.

2. Connection Warnings
----------------------

Detected external port differences while upgrading 'hdmi_emptyaxi_1_0'. These changes may impact your design.


-Upgraded port 'frame_wait_w' width 32 differs from original width 1







Copyright 1986-2016 Xilinx, Inc. All Rights Reserved.
------------------------------------------------------------------------------------
| Tool Version : Vivado v.2016.4 (win64) Build 1756540 Mon Jan 23 19:11:23 MST 2017
| Date         : Wed Mar 23 09:01:37 2022
| Host         : Waqfenau313c running 64-bit major release  (build 9200)
| Command      : upgrade_ip
| Device       : xc7a200tsbg484-1
------------------------------------------------------------------------------------

Upgrade Log for IP 'hdmi_emptyaxi_1_0'

1. Summary
----------

CAUTION (success, with warnings) in the upgrade of hdmi_emptyaxi_1_0 (xilinx.com:user:emptyaxi:1.0) from (Rev. 14) to (Rev. 15)

After upgrade, an IP may have parameter and port differences compared to the original customization. Please review the parameters within the IP customization GUI to ensure proper functionality. Also, please review the updated IP instantiation template to ensure proper connectivity, and update your design if required.

2. Connection Warnings
----------------------

Detected external port differences while upgrading 'hdmi_emptyaxi_1_0'. These changes may impact your design.


-Upgrade has added port 'frame_wait_w'







Copyright 1986-2016 Xilinx, Inc. All Rights Reserved.
------------------------------------------------------------------------------------
| Tool Version : Vivado v.2016.4 (win64) Build 1756540 Mon Jan 23 19:11:23 MST 2017
| Date         : Tue Mar 22 20:43:21 2022
| Host         : Waqfenau313c running 64-bit major release  (build 9200)
| Command      : upgrade_ip
| Device       : xc7a200tsbg484-1
------------------------------------------------------------------------------------

Upgrade Log for IP 'hdmi_emptyaxi_1_0'

1. Summary
----------

SUCCESS in the upgrade of hdmi_emptyaxi_1_0 (xilinx.com:user:emptyaxi:1.0) from (Rev. 13) to (Rev. 14)






Copyright 1986-2016 Xilinx, Inc. All Rights Reserved.
------------------------------------------------------------------------------------
| Tool Version : Vivado v.2016.4 (win64) Build 1756540 Mon Jan 23 19:11:23 MST 2017
| Date         : Tue Mar 22 20:42:18 2022
| Host         : Waqfenau313c running 64-bit major release  (build 9200)
| Command      : upgrade_ip
| Device       : xc7a200tsbg484-1
------------------------------------------------------------------------------------

Upgrade Log for IP 'hdmi_emptyaxi_1_0'

1. Summary
----------

SUCCESS in the update of hdmi_emptyaxi_1_0 (xilinx.com:user:emptyaxi:1.0 (Rev. 13)) to current project options.






Copyright 1986-2016 Xilinx, Inc. All Rights Reserved.
------------------------------------------------------------------------------------
| Tool Version : Vivado v.2016.4 (win64) Build 1756540 Mon Jan 23 19:11:23 MST 2017
| Date         : Tue Mar 22 18:34:31 2022
| Host         : Waqfenau313c running 64-bit major release  (build 9200)
| Command      : upgrade_ip
| Device       : xc7a200tsbg484-1
------------------------------------------------------------------------------------

Upgrade Log for IP 'hdmi_emptyaxi_1_0'

1. Summary
----------

SUCCESS in the upgrade of hdmi_emptyaxi_1_0 (xilinx.com:user:emptyaxi:1.0) from (Rev. 11) to (Rev. 13)






Copyright 1986-2016 Xilinx, Inc. All Rights Reserved.
------------------------------------------------------------------------------------
| Tool Version : Vivado v.2016.4 (win64) Build 1756540 Mon Jan 23 19:11:23 MST 2017
| Date         : Tue Mar 22 16:53:51 2022
| Host         : Waqfenau313c running 64-bit major release  (build 9200)
| Command      : upgrade_ip
| Device       : xc7a200tsbg484-1
------------------------------------------------------------------------------------

Upgrade Log for IP 'hdmi_emptyaxi_1_0'

1. Summary
----------

CAUTION (success, with warnings) in the upgrade of hdmi_emptyaxi_1_0 (xilinx.com:user:emptyaxi:1.0) from (Rev. 10) to (Rev. 11)

After upgrade, an IP may have parameter and port differences compared to the original customization. Please review the parameters within the IP customization GUI to ensure proper functionality. Also, please review the updated IP instantiation template to ensure proper connectivity, and update your design if required.

2. Connection Warnings
----------------------

Detected external port differences while upgrading 'hdmi_emptyaxi_1_0'. These changes may impact your design.


-Upgrade has added port 'frame_counter_w'

-Upgrade has added port 'line_counter_w'







Copyright 1986-2016 Xilinx, Inc. All Rights Reserved.
------------------------------------------------------------------------------------
| Tool Version : Vivado v.2016.4 (win64) Build 1756540 Mon Jan 23 19:11:23 MST 2017
| Date         : Tue Mar 22 16:50:28 2022
| Host         : Waqfenau313c running 64-bit major release  (build 9200)
| Command      : upgrade_ip
| Device       : xc7a200tsbg484-1
------------------------------------------------------------------------------------

Upgrade Log for IP 'hdmi_emptyaxi_1_0'

1. Summary
----------

SUCCESS in the upgrade of hdmi_emptyaxi_1_0 (xilinx.com:user:emptyaxi:1.0) from (Rev. 9) to (Rev. 10)






Copyright 1986-2016 Xilinx, Inc. All Rights Reserved.
------------------------------------------------------------------------------------
| Tool Version : Vivado v.2016.4 (win64) Build 1756540 Mon Jan 23 19:11:23 MST 2017
| Date         : Tue Mar 22 14:10:06 2022
| Host         : Waqfenau313c running 64-bit major release  (build 9200)
| Command      : upgrade_ip
| Device       : xc7a200tsbg484-1
------------------------------------------------------------------------------------

Upgrade Log for IP 'hdmi_emptyaxi_1_0'

1. Summary
----------

SUCCESS in the upgrade of hdmi_emptyaxi_1_0 (xilinx.com:user:emptyaxi:1.0) from (Rev. 8) to (Rev. 9)






Copyright 1986-2016 Xilinx, Inc. All Rights Reserved.
------------------------------------------------------------------------------------
| Tool Version : Vivado v.2016.4 (win64) Build 1756540 Mon Jan 23 19:11:23 MST 2017
| Date         : Mon Mar 21 19:06:27 2022
| Host         : Waqfenau313c running 64-bit major release  (build 9200)
| Command      : upgrade_ip
| Device       : xc7a200tsbg484-1
------------------------------------------------------------------------------------

Upgrade Log for IP 'hdmi_emptyaxi_1_0'

1. Summary
----------

CAUTION (success, with warnings) in the upgrade of hdmi_emptyaxi_1_0 (xilinx.com:user:emptyaxi:1.0) from (Rev. 7) to (Rev. 8)

After upgrade, an IP may have parameter and port differences compared to the original customization. Please review the parameters within the IP customization GUI to ensure proper functionality. Also, please review the updated IP instantiation template to ensure proper connectivity, and update your design if required.

2. Connection Warnings
----------------------

Detected external port differences while upgrading 'hdmi_emptyaxi_1_0'. These changes may impact your design.


-Upgrade has added port 'counter_w'







Copyright 1986-2016 Xilinx, Inc. All Rights Reserved.
------------------------------------------------------------------------------------
| Tool Version : Vivado v.2016.4 (win64) Build 1756540 Mon Jan 23 19:11:23 MST 2017
| Date         : Thu Mar 17 18:25:00 2022
| Host         : Waqfenau313c running 64-bit major release  (build 9200)
| Command      : upgrade_ip
| Device       : xc7a200tsbg484-1
------------------------------------------------------------------------------------

Upgrade Log for IP 'hdmi_emptyaxi_1_0'

1. Summary
----------

SUCCESS in the upgrade of hdmi_emptyaxi_1_0 (xilinx.com:user:emptyaxi:1.0) from (Rev. 6) to (Rev. 7)






Copyright 1986-2016 Xilinx, Inc. All Rights Reserved.
------------------------------------------------------------------------------------
| Tool Version : Vivado v.2016.4 (win64) Build 1756540 Mon Jan 23 19:11:23 MST 2017
| Date         : Thu Mar 17 17:39:26 2022
| Host         : Waqfenau313c running 64-bit major release  (build 9200)
| Command      : upgrade_ip
| Device       : xc7a200tsbg484-1
------------------------------------------------------------------------------------

Upgrade Log for IP 'hdmi_emptyaxi_1_0'

1. Summary
----------

SUCCESS in the upgrade of hdmi_emptyaxi_1_0 (xilinx.com:user:emptyaxi:1.0) from (Rev. 5) to (Rev. 6)






Copyright 1986-2016 Xilinx, Inc. All Rights Reserved.
------------------------------------------------------------------------------------
| Tool Version : Vivado v.2016.4 (win64) Build 1756540 Mon Jan 23 19:11:23 MST 2017
| Date         : Thu Mar 17 17:31:59 2022
| Host         : Waqfenau313c running 64-bit major release  (build 9200)
| Command      : upgrade_ip
| Device       : xc7a200tsbg484-1
------------------------------------------------------------------------------------

Upgrade Log for IP 'hdmi_emptyaxi_1_0'

1. Summary
----------

SUCCESS in the upgrade of hdmi_emptyaxi_1_0 (xilinx.com:user:emptyaxi:1.0) from (Rev. 4) to (Rev. 5)






Copyright 1986-2016 Xilinx, Inc. All Rights Reserved.
------------------------------------------------------------------------------------
| Tool Version : Vivado v.2016.4 (win64) Build 1756540 Mon Jan 23 19:11:23 MST 2017
| Date         : Wed Mar 16 10:07:05 2022
| Host         : Waqfenau313c running 64-bit major release  (build 9200)
| Command      : upgrade_ip
| Device       : xc7a200tsbg484-1
------------------------------------------------------------------------------------

Upgrade Log for IP 'hdmi_emptyaxi_1_0'

1. Summary
----------

SUCCESS in the upgrade of hdmi_emptyaxi_1_0 (xilinx.com:user:emptyaxi:1.0) from (Rev. 3) to (Rev. 4)






Copyright 1986-2016 Xilinx, Inc. All Rights Reserved.
------------------------------------------------------------------------------------
| Tool Version : Vivado v.2016.4 (win64) Build 1756540 Mon Jan 23 19:11:23 MST 2017
| Date         : Tue Mar 15 11:24:36 2022
| Host         : Waqfenau313c running 64-bit major release  (build 9200)
| Command      : upgrade_ip
| Device       : xc7a200tsbg484-1
------------------------------------------------------------------------------------

Upgrade Log for IP 'hdmi_emptyaxi_1_0'

1. Summary
----------

SUCCESS in the upgrade of hdmi_emptyaxi_1_0 (xilinx.com:user:emptyaxi:1.0) from (Rev. 2) to (Rev. 3)

