Unable to capture context for thread 344 in process 7576, can not generate back trace
Unable to capture context for thread 7388 in process 7576, can not generate back trace
Exception at PC 0x00007FFC3A554F69
Unable to capture context for thread 344 in process 7576, can not generate back trace
Unable to capture context for thread 5548 in process 7576, can not generate back trace
Exception at PC 0x00007FFBBB2ABB93
Printing stacktrace...

Unable to capture context for thread 12308 in process 7576, can not generate back trace
Unable to capture context for thread 5548 in process 7576, can not generate back trace
Exception at PC 0x00007FFC3A554F69
Exception at PC 0x00007FFC3A554F69
Exception at PC 0x00007FFC3A554F69
Exception at PC 0x00007FFC3A554F69
Exception at PC 0x00007FFC3A554F69
Exception at PC 0x00007FFC3A554F69
Exception at PC 0x00007FFC3A554F69
Exception at PC 0x00007FFC3A554F69
Exception at PC 0x00007FFC3A554F69
Exception at PC 0x00007FFC3A554F69
Exception at PC 0x00007FFC3A554F69
Exception at PC 0x00007FFC3A554F69
Exception at PC 0x00007FFC3A554F69
Exception at PC 0x00007FFC3A554F69
[0]  [0x00007FFBBB2ABB93]
[1]  [0x00007FFBBB2ABB93]
[2]  [0x00007FFBBB2AB4A1]
[3]  [0x00007FFBBB2AB3EF]
[4]  [0x00007FFBBB2919FE]
[5]  [0x00007FFBBB290ED1]
[6]  [0x00007FFBBB290D76]
[7]  [0x00007FFBBB2379F6]
[8]  [0x00007FFBBB227AFB]
[9]  [0x00007FFBBB34E90A]
[10]  [0x00007FFBBB369F87]
[11]  [0x00007FFBBB36A05F]
[12] (BaseThreadInitThunk+0x14) [0x00007FFC3BEA7034]
[13] (RtlUserThreadStart+0x21) [0x00007FFC3C962651]
Done
Exception at PC 0x00007FFC3A554F69
Exception at PC 0x00007FFC3A554F69
Exception at PC 0x00007FFC3A554F69
