#-----------------------------------------------------------
# Vivado v2018.3.1 (64-bit)
# SW Build 2489853 on Tue Mar 26 04:20:25 MDT 2019
# IP Build 2486929 on Tue Mar 26 06:44:21 MDT 2019
# Start of session at: Mon Jan 24 15:47:12 2022
# Process ID: 8332
# Current directory: C:/Liza_TUT5
# Command line: vivado.exe -gui_launcher_event rodinguilauncherevent6072 C:\Liza_TUT5\Liza_TUT5.xpr
# Log file: C:/Liza_TUT5/vivado.log
# Journal file: C:/Liza_TUT5\vivado.jou
#-----------------------------------------------------------
start_gui
open_project C:/Liza_TUT5/Liza_TUT5.xpr
Scanning sources...
Finished scanning sources
INFO: [IP_Flow 19-234] Refreshing IP repositories
INFO: [IP_Flow 19-1704] No user IP repositories specified
INFO: [IP_Flow 19-2313] Loaded Vivado IP repository 'C:/DESL/Xilinx/Vivado/2018.3/data/ip'.
open_project: Time (s): cpu = 00:00:24 ; elapsed = 00:00:18 . Memory (MB): peak = 986.215 ; gain = 324.461
update_compile_order -fileset sources_1
open_bd_design {C:/Liza_TUT5/Liza_TUT5.srcs/sources_1/bd/TUT5_bd/TUT5_bd.bd}
Adding cell -- xilinx.com:ip:microblaze:11.0 - microblaze_0
Adding cell -- xilinx.com:ip:lmb_v10:3.0 - dlmb_v10
Adding cell -- xilinx.com:ip:lmb_v10:3.0 - ilmb_v10
Adding cell -- xilinx.com:ip:lmb_bram_if_cntlr:4.0 - dlmb_bram_if_cntlr
Adding cell -- xilinx.com:ip:lmb_bram_if_cntlr:4.0 - ilmb_bram_if_cntlr
Adding cell -- xilinx.com:ip:blk_mem_gen:8.4 - lmb_bram
Adding cell -- xilinx.com:ip:axi_interconnect:2.1 - microblaze_0_axi_periph
Adding cell -- xilinx.com:ip:axi_crossbar:2.1 - xbar
Adding cell -- xilinx.com:ip:axi_intc:4.1 - microblaze_0_axi_intc
Adding cell -- xilinx.com:ip:xlconcat:2.1 - microblaze_0_xlconcat
Adding cell -- xilinx.com:ip:mdm:3.2 - mdm_1
Adding cell -- xilinx.com:ip:clk_wiz:6.0 - clk_wiz_1
Adding cell -- xilinx.com:ip:proc_sys_reset:5.0 - rst_clk_wiz_1_100M
Adding cell -- xilinx.com:ip:mig_7series:4.2 - mig_7series_0
Adding cell -- xilinx.com:ip:mii_to_rmii:2.0 - mii_to_rmii_0
Adding cell -- xilinx.com:ip:axi_uartlite:2.0 - axi_uartlite_0
Adding cell -- xilinx.com:ip:axi_ethernetlite:3.0 - axi_ethernetlite_0
Adding cell -- xilinx.com:ip:axi_timer:2.0 - axi_timer_0
Adding cell -- xilinx.com:ip:smartconnect:1.0 - axi_smc
Adding cell -- xilinx.com:ip:proc_sys_reset:5.0 - rst_mig_7series_0_81M
Successfully read diagram <TUT5_bd> from BD file <C:/Liza_TUT5/Liza_TUT5.srcs/sources_1/bd/TUT5_bd/TUT5_bd.bd>
open_bd_design: Time (s): cpu = 00:00:08 ; elapsed = 00:00:08 . Memory (MB): peak = 1690.473 ; gain = 0.000
file copy -force C:/Liza_TUT5/Liza_TUT5.runs/impl_1/TUT5_bd_wrapper.sysdef C:/Liza_TUT5/Liza_TUT5.sdk/TUT5_bd_wrapper.hdf

launch_sdk -workspace C:/Liza_TUT5/Liza_TUT5.sdk -hwspec C:/Liza_TUT5/Liza_TUT5.sdk/TUT5_bd_wrapper.hdf
INFO: [Vivado 12-393] Launching SDK...
INFO: [Vivado 12-417] Running xsdk -workspace C:/Liza_TUT5/Liza_TUT5.sdk -hwspec C:/Liza_TUT5/Liza_TUT5.sdk/TUT5_bd_wrapper.hdf
INFO: [Vivado 12-3157] SDK launch initiated. Please check console for any further messages.
launch_sdk -workspace C:/Liza_TUT5/Liza_TUT5.sdk -hwspec C:/Liza_TUT5/Liza_TUT5.sdk/TUT5_bd_wrapper.hdf
INFO: [Vivado 12-393] Launching SDK...
INFO: [Vivado 12-417] Running xsdk -workspace C:/Liza_TUT5/Liza_TUT5.sdk -hwspec C:/Liza_TUT5/Liza_TUT5.sdk/TUT5_bd_wrapper.hdf
INFO: [Vivado 12-3157] SDK launch initiated. Please check console for any further messages.
exit
INFO: [Common 17-206] Exiting Vivado at Mon Jan 24 15:58:23 2022...
