#-----------------------------------------------------------
# Vivado v2018.3.1 (64-bit)
# SW Build 2489853 on Tue Mar 26 04:20:25 MDT 2019
# IP Build 2486929 on Tue Mar 26 06:44:21 MDT 2019
# Start of session at: Tue Jan 25 20:10:55 2022
# Process ID: 7992
# Current directory: C:/Users/zoubakin/Liza_TUT5
# Command line: vivado.exe -gui_launcher_event rodinguilauncherevent6448 C:\Users\zoubakin\Liza_TUT5\Liza_TUT5.xpr
# Log file: C:/Users/zoubakin/Liza_TUT5/vivado.log
# Journal file: C:/Users/zoubakin/Liza_TUT5\vivado.jou
#-----------------------------------------------------------
start_gui
open_project C:/Users/zoubakin/Liza_TUT5/Liza_TUT5.xpr
INFO: [Project 1-313] Project file moved from 'C:/Liza_TUT5' since last save.
Scanning sources...
Finished scanning sources
INFO: [IP_Flow 19-234] Refreshing IP repositories
INFO: [IP_Flow 19-1704] No user IP repositories specified
INFO: [IP_Flow 19-2313] Loaded Vivado IP repository 'C:/DESL/Xilinx/Vivado/2018.3/data/ip'.
open_project: Time (s): cpu = 00:00:33 ; elapsed = 00:00:19 . Memory (MB): peak = 973.742 ; gain = 338.789
launch_sdk -workspace C:/Users/zoubakin/launch_sdk -workspace C:/Users/zoubakin/Liza_TUT5/Liza_TUT5.sdk -hwspec C:/Users/zoubakin/Liza_TUT5/Liza_TUT5.sdk/TUT5_bd_wrapper.hdf
INFO: [Vivado 12-393] Launching SDK...
INFO: [Vivado 12-417] Running xsdk -workspace C:/Users/zoubakin/Liza_TUT5/Liza_TUT5.sdk -hwspec C:/Users/zoubakin/Liza_TUT5/Liza_TUT5.sdk/TUT5_bd_wrapper.hdf
INFO: [Vivado 12-3157] SDK launch initiated. Please check console for any further messages.
exit
INFO: [Common 17-206] Exiting Vivado at Tue Jan 25 23:15:26 2022...
