#-----------------------------------------------------------
# Vivado v2018.3.1 (64-bit)
# SW Build 2489853 on Tue Mar 26 04:20:25 MDT 2019
# IP Build 2486929 on Tue Mar 26 06:44:21 MDT 2019
# Start of session at: Fri Jan 21 20:12:50 2022
# Process ID: 4824
# Current directory: C:/Liza_TUT5
# Command line: vivado.exe -gui_launcher_event rodinguilauncherevent5592 C:\Liza_TUT5\Liza_TUT5.xpr
# Log file: C:/Liza_TUT5/vivado.log
# Journal file: C:/Liza_TUT5\vivado.jou
#-----------------------------------------------------------
start_gui
open_project C:/Liza_TUT5/Liza_TUT5.xpr
Scanning sources...
Finished scanning sources
INFO: [IP_Flow 19-234] Refreshing IP repositories
INFO: [IP_Flow 19-1704] No user IP repositories specified
INFO: [IP_Flow 19-2313] Loaded Vivado IP repository 'C:/DESL/Xilinx/Vivado/2018.3/data/ip'.
open_project: Time (s): cpu = 00:00:26 ; elapsed = 00:00:15 . Memory (MB): peak = 968.629 ; gain = 346.477
update_compile_order -fileset sources_1
launch_sdk -workspace C:/Liza_TUT5/Liza_TUT5.sdk -hwspec C:/Liza_TUT5/Liza_TUT5.sdk/TUT5_bd_wrapper.hdf
INFO: [Vivado 12-393] Launching SDK...
INFO: [Vivado 12-417] Running xsdk -workspace C:/Liza_TUT5/Liza_TUT5.sdk -hwspec C:/Liza_TUT5/Liza_TUT5.sdk/TUT5_bd_wrapper.hdf
INFO: [Vivado 12-3157] SDK launch initiated. Please check console for any further messages.
